PRT1
210
755
4 0 7 (1024 1024 240 ) (1024 1024 -184 ) (1408 1024 -184 ) (1408 1024 240 ) 
4 0 6 (1408 1024 -184 ) (1592 1024 -184 ) (1592 1024 240 ) (1408 1024 240 ) 
4 0 3 (1408 1024 376 ) (1024 1024 376 ) (1024 1024 240 ) (1408 1024 240 ) 
4 0 2 (1592 1024 376 ) (1408 1024 376 ) (1408 1024 240 ) (1592 1024 240 ) 
4 0 1 (1024 1024 -184 ) (1024 1024 376 ) (1024 1072 376 ) (1024 1072 -184 ) 
4 1 21 (0 1024 -184 ) (0 1024 376 ) (0 1072 376 ) (0 1072 -184 ) 
4 1 18 (1024 1024 -184 ) (1024 1024 144 ) (0 1024 144 ) (0 1024 -184 ) 
4 1 15 (272 1024 240 ) (0 1024 240 ) (0 1024 144 ) (272 1024 144 ) 
4 1 14 (1024 1024 144 ) (1024 1024 240 ) (272 1024 240 ) (272 1024 144 ) 
4 1 11 (1024 1024 240 ) (1024 1024 376 ) (0 1024 376 ) (0 1024 240 ) 
4 2 110 (1592 0 376 ) (1408 0 376 ) (1408 0 240 ) (1592 0 240 ) 
4 2 6 (1408 1024 240 ) (1592 1024 240 ) (1592 0 240 ) (1408 0 240 ) 
4 2 5 (1408 704 240 ) (1408 0 240 ) (1408 0 304 ) (1408 704 304 ) 
4 2 4 (1408 0 304 ) (1408 0 376 ) (1408 704 376 ) (1408 704 304 ) 
4 2 3 (1408 1024 240 ) (1408 704 240 ) (1408 704 376 ) (1408 1024 376 ) 
4 3 11 (1024 1024 376 ) (1024 1024 240 ) (1024 704 240 ) (1024 704 376 ) 
4 3 7 (1024 704 240 ) (1024 1024 240 ) (1408 1024 240 ) (1408 704 240 ) 
4 3 5 (1024 704 240 ) (1408 704 240 ) (1408 704 304 ) (1024 704 304 ) 
4 3 4 (1408 704 304 ) (1408 704 376 ) (1024 704 376 ) (1024 704 304 ) 
4 4 111 (1408 0 376 ) (1024 0 376 ) (1024 0 304 ) (1408 0 304 ) 
4 4 12 (1024 0 304 ) (1024 0 376 ) (1024 704 376 ) (1024 704 304 ) 
4 4 5 (1024 704 304 ) (1408 704 304 ) (1408 0 304 ) (1024 0 304 ) 
4 5 112 (1024 0 304 ) (1024 0 240 ) (1408 0 240 ) (1408 0 304 ) 
4 5 13 (1024 704 240 ) (1024 0 240 ) (1024 0 304 ) (1024 704 304 ) 
4 5 8 (1024 0 240 ) (1024 704 240 ) (1408 704 240 ) (1408 0 240 ) 
4 6 114 (1408 0 -184 ) (1592 0 -184 ) (1592 0 240 ) (1408 0 240 ) 
4 6 9 (1408 0 80 ) (1408 0 144 ) (1408 704 144 ) (1408 704 80 ) 
4 6 8 (1408 0 144 ) (1408 0 240 ) (1408 704 240 ) (1408 704 144 ) 
4 6 10 (1408 704 -184 ) (1408 0 -184 ) (1408 0 80 ) (1408 704 80 ) 
4 6 7 (1408 1024 -184 ) (1408 704 -184 ) (1408 704 240 ) (1408 1024 240 ) 
4 7 18 (1024 1024 144 ) (1024 1024 -184 ) (1024 704 -184 ) (1024 704 144 ) 
4 7 14 (1024 1024 240 ) (1024 1024 144 ) (1024 704 144 ) (1024 704 240 ) 
4 7 9 (1408 704 80 ) (1408 704 144 ) (1024 704 144 ) (1024 704 80 ) 
4 7 8 (1408 704 144 ) (1408 704 240 ) (1024 704 240 ) (1024 704 144 ) 
4 7 10 (1024 704 -184 ) (1408 704 -184 ) (1408 704 80 ) (1024 704 80 ) 
4 8 115 (1024 0 240 ) (1024 0 144 ) (1408 0 144 ) (1408 0 240 ) 
4 8 14 (1024 0 144 ) (1024 0 240 ) (1024 704 240 ) (1024 704 144 ) 
4 8 9 (1024 0 144 ) (1024 704 144 ) (1408 704 144 ) (1408 0 144 ) 
4 9 116 (1024 0 144 ) (1024 0 80 ) (1408 0 80 ) (1408 0 144 ) 
4 9 19 (1024 0 80 ) (1024 0 144 ) (1024 704 144 ) (1024 704 80 ) 
4 9 10 (1024 704 80 ) (1408 704 80 ) (1408 0 80 ) (1024 0 80 ) 
4 10 117 (1024 0 80 ) (1024 0 -184 ) (1408 0 -184 ) (1408 0 80 ) 
4 10 20 (1024 704 -184 ) (1024 0 -184 ) (1024 0 80 ) (1024 704 80 ) 
4 11 25 (0 1024 247 ) (0 1024 240 ) (0 704 240 ) (0 704 247 ) 
4 11 22 (0 704 376 ) (0 1024 376 ) (0 1024 247 ) (0 704 247 ) 
4 11 15 (272 704 240 ) (0 704 240 ) (0 1024 240 ) (272 1024 240 ) 
4 11 14 (1024 1024 240 ) (1024 704 240 ) (272 704 240 ) (272 1024 240 ) 
4 11 13 (0 704 240 ) (1024 704 240 ) (1024 704 304 ) (0 704 304 ) 
4 11 12 (1024 704 304 ) (1024 704 376 ) (0 704 376 ) (0 704 304 ) 
4 12 119 (1024 0 304 ) (1024 0 376 ) (0 0 376 ) (0 0 304 ) 
4 12 23 (0 0 304 ) (0 0 376 ) (0 704 376 ) (0 704 304 ) 
4 12 13 (1024 0 304 ) (0 0 304 ) (0 704 304 ) (1024 704 304 ) 
4 13 120 (1024 0 240 ) (1024 0 304 ) (0 0 304 ) (0 0 240 ) 
4 13 53 (0 0 240 ) (0 0 247 ) (0 64 247 ) (0 64 240 ) 
4 13 49 (0 64 247 ) (0 192 247 ) (0 192 240 ) (0 64 240 ) 
4 13 37 (0 192 247 ) (0 256 247 ) (0 256 240 ) (0 192 240 ) 
4 13 26 (0 256 247 ) (0 704 247 ) (0 704 240 ) (0 256 240 ) 
4 13 24 (0 0 247 ) (0 0 304 ) (0 704 304 ) (0 704 247 ) 
4 13 16 (0 336 240 ) (0 400 240 ) (272 400 240 ) (272 336 240 ) 
4 13 15 (0 400 240 ) (0 704 240 ) (272 704 240 ) (272 400 240 ) 
4 13 17 (272 0 240 ) (0 0 240 ) (0 336 240 ) (272 336 240 ) 
4 13 14 (1024 704 240 ) (1024 0 240 ) (272 0 240 ) (272 704 240 ) 
4 14 123 (352 0 240 ) (272 0 240 ) (272 0 144 ) (352 0 144 ) 
4 14 122 (1024 0 144 ) (1024 0 240 ) (352 0 240 ) (352 0 144 ) 
4 14 19 (1024 704 144 ) (1024 0 144 ) (272 0 144 ) (272 704 144 ) 
4 14 18 (1024 1024 144 ) (1024 704 144 ) (272 704 144 ) (272 1024 144 ) 
4 14 16 (272 400 144 ) (272 336 144 ) (272 336 240 ) (272 400 240 ) 
4 14 15 (272 1024 144 ) (272 400 144 ) (272 400 240 ) (272 1024 240 ) 
4 14 17 (272 336 144 ) (272 0 144 ) (272 0 240 ) (272 336 240 ) 
4 15 66 (0 704 144 ) (0 400 144 ) (0 400 239 ) (0 704 239 ) 
4 15 65 (0 1024 239 ) (0 1024 144 ) (0 704 144 ) (0 704 239 ) 
4 15 28 (0 400 240 ) (0 704 240 ) (0 704 239 ) (0 400 239 ) 
4 15 27 (0 704 240 ) (0 1024 240 ) (0 1024 239 ) (0 704 239 ) 
4 15 19 (0 400 144 ) (0 704 144 ) (272 704 144 ) (272 400 144 ) 
4 15 18 (0 704 144 ) (0 1024 144 ) (272 1024 144 ) (272 704 144 ) 
4 15 16 (0 400 144 ) (272 400 144 ) (272 400 240 ) (0 400 240 ) 
4 16 67 (0 400 239 ) (0 400 144 ) (0 336 144 ) (0 336 239 ) 
4 16 30 (0 336 240 ) (0 400 240 ) (0 400 239 ) (0 336 239 ) 
4 16 19 (0 336 144 ) (0 400 144 ) (272 400 144 ) (272 336 144 ) 
4 16 17 (0 336 144 ) (272 336 144 ) (272 336 240 ) (0 336 240 ) 
4 17 123 (272 0 240 ) (0 0 240 ) (0 0 144 ) (272 0 144 ) 
4 17 70 (0 0 144 ) (0 0 239 ) (0 336 239 ) (0 336 144 ) 
4 17 54 (0 0 239 ) (0 0 240 ) (0 64 240 ) (0 64 239 ) 
4 17 50 (0 64 240 ) (0 192 240 ) (0 192 239 ) (0 64 239 ) 
4 17 38 (0 192 240 ) (0 256 240 ) (0 256 239 ) (0 192 239 ) 
4 17 34 (0 256 240 ) (0 336 240 ) (0 336 239 ) (0 256 239 ) 
4 17 19 (272 0 144 ) (0 0 144 ) (0 336 144 ) (272 336 144 ) 
4 18 75 (0 704 144 ) (0 1024 144 ) (0 1024 -184 ) (0 704 -184 ) 
4 18 20 (0 704 -184 ) (1024 704 -184 ) (1024 704 80 ) (0 704 80 ) 
4 18 19 (1024 704 80 ) (1024 704 144 ) (0 704 144 ) (0 704 80 ) 
4 19 126 (1024 0 80 ) (1024 0 144 ) (0 0 144 ) (0 0 80 ) 
4 19 76 (0 0 80 ) (0 0 144 ) (0 704 144 ) (0 704 80 ) 
4 19 20 (0 704 80 ) (1024 704 80 ) (1024 0 80 ) (0 0 80 ) 
4 20 127 (1024 0 -184 ) (1024 0 80 ) (0 0 80 ) (0 0 -184 ) 
4 20 77 (0 0 -184 ) (0 0 80 ) (0 704 80 ) (0 704 -184 ) 
4 21 78 (-1024 1024 -184 ) (-1024 1024 376 ) (-1024 1072 376 ) (-1024 1072 -184 ) 
4 21 75 (0 1024 -184 ) (0 1024 144 ) (-1024 1024 144 ) (-1024 1024 -184 ) 
4 21 65 (0 1024 144 ) (0 1024 239 ) (-1024 1024 239 ) (-1024 1024 144 ) 
4 21 27 (0 1024 239 ) (0 1024 240 ) (-1024 1024 240 ) (-1024 1024 239 ) 
4 21 25 (0 1024 240 ) (0 1024 247 ) (-1024 1024 247 ) (-1024 1024 240 ) 
4 21 22 (0 1024 247 ) (0 1024 376 ) (-1024 1024 376 ) (-1024 1024 247 ) 
4 22 79 (-1024 704 376 ) (-1024 1024 376 ) (-1024 1024 247 ) (-1024 704 247 ) 
4 22 25 (-1024 704 247 ) (-1024 1024 247 ) (0 1024 247 ) (0 704 247 ) 
4 22 24 (-1024 704 247 ) (0 704 247 ) (0 704 304 ) (-1024 704 304 ) 
4 22 23 (0 704 304 ) (0 704 376 ) (-1024 704 376 ) (-1024 704 304 ) 
4 23 131 (0 0 304 ) (0 0 376 ) (-1024 0 376 ) (-1024 0 304 ) 
4 23 80 (-1024 0 304 ) (-1024 0 376 ) (-1024 704 376 ) (-1024 704 304 ) 
4 23 24 (-1024 704 304 ) (0 704 304 ) (0 0 304 ) (-1024 0 304 ) 
4 24 132 (0 0 247 ) (0 0 304 ) (-1024 0 304 ) (-1024 0 247 ) 
4 24 84 (-1024 336 256 ) (-1024 400 256 ) (-1024 400 247 ) (-1024 336 247 ) 
4 24 83 (-1024 400 256 ) (-1024 704 256 ) (-1024 704 247 ) (-1024 400 247 ) 
4 24 85 (-1024 0 247 ) (-1024 0 256 ) (-1024 336 256 ) (-1024 336 247 ) 
4 24 81 (-1024 0 256 ) (-1024 0 304 ) (-1024 704 304 ) (-1024 704 256 ) 
4 24 63 (-768 0 247 ) (-1024 0 247 ) (-1024 64 247 ) (-768 64 247 ) 
4 24 61 (-576 0 247 ) (-704 0 247 ) (-704 64 247 ) (-576 64 247 ) 
4 24 59 (-384 0 247 ) (-512 0 247 ) (-512 64 247 ) (-384 64 247 ) 
4 24 57 (-192 0 247 ) (-320 0 247 ) (-320 64 247 ) (-192 64 247 ) 
4 24 53 (0 0 247 ) (-128 0 247 ) (-128 64 247 ) (0 64 247 ) 
4 24 49 (-1024 64 247 ) (-1024 192 247 ) (0 192 247 ) (0 64 247 ) 
4 24 47 (-1024 192 247 ) (-1024 256 247 ) (-768 256 247 ) (-768 192 247 ) 
4 24 45 (-704 256 247 ) (-576 256 247 ) (-576 192 247 ) (-704 192 247 ) 
4 24 43 (-512 256 247 ) (-384 256 247 ) (-384 192 247 ) (-512 192 247 ) 
4 24 41 (-320 256 247 ) (-192 256 247 ) (-192 192 247 ) (-320 192 247 ) 
4 24 37 (-128 256 247 ) (0 256 247 ) (0 192 247 ) (-128 192 247 ) 
4 24 26 (-1024 256 247 ) (-1024 704 247 ) (0 704 247 ) (0 256 247 ) 
4 25 79 (-1024 704 247 ) (-1024 1024 247 ) (-1024 1024 240 ) (-1024 704 240 ) 
4 25 27 (-1024 704 240 ) (-1024 1024 240 ) (0 1024 240 ) (0 704 240 ) 
4 25 26 (-1024 704 240 ) (0 704 240 ) (0 704 247 ) (-1024 704 247 ) 
4 26 84 (-1024 336 247 ) (-1024 400 247 ) (-1024 400 240 ) (-1024 336 240 ) 
4 26 83 (-1024 400 247 ) (-1024 704 247 ) (-1024 704 240 ) (-1024 400 240 ) 
4 26 85 (-1024 256 247 ) (-1024 336 247 ) (-1024 336 240 ) (-1024 256 240 ) 
4 26 47 (-768 256 247 ) (-1024 256 247 ) (-1024 256 240 ) (-768 256 240 ) 
4 26 45 (-576 256 247 ) (-704 256 247 ) (-704 256 240 ) (-576 256 240 ) 
4 26 43 (-384 256 247 ) (-512 256 247 ) (-512 256 240 ) (-384 256 240 ) 
4 26 41 (-192 256 247 ) (-320 256 247 ) (-320 256 240 ) (-192 256 240 ) 
4 26 37 (0 256 240 ) (0 256 247 ) (-128 256 247 ) (-128 256 240 ) 
4 26 35 (-16 256 240 ) (-80 256 240 ) (-80 336 240 ) (-16 336 240 ) 
4 26 34 (0 256 240 ) (-16 256 240 ) (-16 336 240 ) (0 336 240 ) 
4 26 36 (-80 256 240 ) (-1024 256 240 ) (-1024 336 240 ) (-80 336 240 ) 
4 26 33 (-1024 336 240 ) (-1024 400 240 ) (-80 400 240 ) (-80 336 240 ) 
4 26 32 (-1024 400 240 ) (-1024 704 240 ) (-80 704 240 ) (-80 400 240 ) 
4 26 31 (-16 336 240 ) (-80 336 240 ) (-80 400 240 ) (-16 400 240 ) 
4 26 30 (0 400 240 ) (0 336 240 ) (-16 336 240 ) (-16 400 240 ) 
4 26 29 (-80 704 240 ) (-16 704 240 ) (-16 400 240 ) (-80 400 240 ) 
4 26 28 (-16 704 240 ) (0 704 240 ) (0 400 240 ) (-16 400 240 ) 
4 27 93 (-1024 1024 240 ) (-1024 1024 239 ) (-1024 704 239 ) (-1024 704 240 ) 
4 27 65 (0 1024 239 ) (0 704 239 ) (-1024 704 239 ) (-1024 1024 239 ) 
4 27 32 (-1024 704 239 ) (-80 704 239 ) (-80 704 240 ) (-1024 704 240 ) 
4 27 29 (-80 704 239 ) (-16 704 239 ) (-16 704 240 ) (-80 704 240 ) 
4 27 28 (-16 704 239 ) (0 704 239 ) (0 704 240 ) (-16 704 240 ) 
4 28 66 (0 704 239 ) (0 400 239 ) (-16 400 239 ) (-16 704 239 ) 
4 28 30 (-16 400 239 ) (0 400 239 ) (0 400 240 ) (-16 400 240 ) 
4 28 29 (-16 704 240 ) (-16 704 239 ) (-16 400 239 ) (-16 400 240 ) 
4 29 68 (-16 400 239 ) (-80 400 239 ) (-80 704 239 ) (-16 704 239 ) 
4 29 32 (-80 704 240 ) (-80 704 239 ) (-80 400 239 ) (-80 400 240 ) 
4 29 31 (-80 400 240 ) (-80 400 239 ) (-16 400 239 ) (-16 400 240 ) 
4 30 67 (0 400 239 ) (0 336 239 ) (-16 336 239 ) (-16 400 239 ) 
4 30 34 (-16 336 239 ) (0 336 239 ) (0 336 240 ) (-16 336 240 ) 
4 30 31 (-16 400 240 ) (-16 400 239 ) (-16 336 239 ) (-16 336 240 ) 
4 31 69 (-16 336 239 ) (-80 336 239 ) (-80 400 239 ) (-16 400 239 ) 
4 31 35 (-80 336 239 ) (-16 336 239 ) (-16 336 240 ) (-80 336 240 ) 
4 31 33 (-80 400 239 ) (-80 336 239 ) (-80 336 240 ) (-80 400 240 ) 
4 32 94 (-1024 704 239 ) (-1024 400 239 ) (-1024 400 240 ) (-1024 704 240 ) 
4 32 72 (-1024 400 239 ) (-1024 704 239 ) (-80 704 239 ) (-80 400 239 ) 
4 32 33 (-1024 400 239 ) (-80 400 239 ) (-80 400 240 ) (-1024 400 240 ) 
4 33 96 (-1024 400 239 ) (-1024 336 239 ) (-1024 336 240 ) (-1024 400 240 ) 
4 33 73 (-80 336 239 ) (-1024 336 239 ) (-1024 400 239 ) (-80 400 239 ) 
4 33 36 (-1024 336 239 ) (-80 336 239 ) (-80 336 240 ) (-1024 336 240 ) 
4 34 70 (0 336 239 ) (0 256 239 ) (-16 256 239 ) (-16 336 239 ) 
4 34 38 (-16 256 239 ) (0 256 239 ) (0 256 240 ) (-16 256 240 ) 
4 34 35 (-16 336 240 ) (-16 336 239 ) (-16 256 239 ) (-16 256 240 ) 
4 35 71 (-16 256 239 ) (-80 256 239 ) (-80 336 239 ) (-16 336 239 ) 
4 35 39 (-80 256 239 ) (-16 256 239 ) (-16 256 240 ) (-80 256 240 ) 
4 35 36 (-80 336 240 ) (-80 336 239 ) (-80 256 239 ) (-80 256 240 ) 
4 36 98 (-1024 336 239 ) (-1024 256 239 ) (-1024 256 240 ) (-1024 336 240 ) 
4 36 74 (-80 256 239 ) (-1024 256 239 ) (-1024 336 239 ) (-80 336 239 ) 
4 36 48 (-1024 256 239 ) (-768 256 239 ) (-768 256 240 ) (-1024 256 240 ) 
4 36 46 (-704 256 239 ) (-576 256 239 ) (-576 256 240 ) (-704 256 240 ) 
4 36 44 (-512 256 239 ) (-384 256 239 ) (-384 256 240 ) (-512 256 240 ) 
4 36 42 (-320 256 239 ) (-192 256 239 ) (-192 256 240 ) (-320 256 240 ) 
4 36 40 (-128 256 239 ) (-80 256 239 ) (-80 256 240 ) (-128 256 240 ) 
4 37 49 (0 192 240 ) (0 192 247 ) (-128 192 247 ) (-128 192 240 ) 
4 37 39 (-16 192 240 ) (-80 192 240 ) (-80 256 240 ) (-16 256 240 ) 
4 37 38 (0 192 240 ) (-16 192 240 ) (-16 256 240 ) (0 256 240 ) 
4 37 40 (-80 192 240 ) (-128 192 240 ) (-128 256 240 ) (-80 256 240 ) 
4 38 70 (0 256 239 ) (0 192 239 ) (-16 192 239 ) (-16 256 239 ) 
4 38 50 (-16 192 239 ) (0 192 239 ) (0 192 240 ) (-16 192 240 ) 
4 38 39 (-16 192 239 ) (-16 192 240 ) (-16 256 240 ) (-16 256 239 ) 
4 39 71 (-16 192 239 ) (-80 192 239 ) (-80 256 239 ) (-16 256 239 ) 
4 39 51 (-80 192 239 ) (-16 192 239 ) (-16 192 240 ) (-80 192 240 ) 
4 39 40 (-80 192 239 ) (-80 192 240 ) (-80 256 240 ) (-80 256 239 ) 
4 40 74 (-80 192 239 ) (-128 192 239 ) (-128 256 239 ) (-80 256 239 ) 
4 40 52 (-128 192 239 ) (-80 192 239 ) (-80 192 240 ) (-128 192 240 ) 
4 41 49 (-192 192 240 ) (-192 192 247 ) (-320 192 247 ) (-320 192 240 ) 
4 41 42 (-320 256 240 ) (-192 256 240 ) (-192 192 240 ) (-320 192 240 ) 
4 42 74 (-192 192 239 ) (-320 192 239 ) (-320 256 239 ) (-192 256 239 ) 
4 42 52 (-320 192 239 ) (-192 192 239 ) (-192 192 240 ) (-320 192 240 ) 
4 43 49 (-384 192 240 ) (-384 192 247 ) (-512 192 247 ) (-512 192 240 ) 
4 43 44 (-512 256 240 ) (-384 256 240 ) (-384 192 240 ) (-512 192 240 ) 
4 44 74 (-384 192 239 ) (-512 192 239 ) (-512 256 239 ) (-384 256 239 ) 
4 44 52 (-512 192 239 ) (-384 192 239 ) (-384 192 240 ) (-512 192 240 ) 
4 45 49 (-576 192 240 ) (-576 192 247 ) (-704 192 247 ) (-704 192 240 ) 
4 45 46 (-704 192 240 ) (-704 256 240 ) (-576 256 240 ) (-576 192 240 ) 
4 46 74 (-576 192 239 ) (-704 192 239 ) (-704 256 239 ) (-576 256 239 ) 
4 46 52 (-704 192 239 ) (-576 192 239 ) (-576 192 240 ) (-704 192 240 ) 
4 47 85 (-1024 192 247 ) (-1024 256 247 ) (-1024 256 240 ) (-1024 192 240 ) 
4 47 49 (-768 192 240 ) (-768 192 247 ) (-1024 192 247 ) (-1024 192 240 ) 
4 47 48 (-1024 256 240 ) (-768 256 240 ) (-768 192 240 ) (-1024 192 240 ) 
4 48 98 (-1024 256 240 ) (-1024 256 239 ) (-1024 192 239 ) (-1024 192 240 ) 
4 48 74 (-768 192 239 ) (-1024 192 239 ) (-1024 256 239 ) (-768 256 239 ) 
4 48 52 (-1024 192 239 ) (-768 192 239 ) (-768 192 240 ) (-1024 192 240 ) 
4 49 85 (-1024 64 247 ) (-1024 192 247 ) (-1024 192 240 ) (-1024 64 240 ) 
4 49 63 (-768 64 247 ) (-1024 64 247 ) (-1024 64 240 ) (-768 64 240 ) 
4 49 61 (-576 64 247 ) (-704 64 247 ) (-704 64 240 ) (-576 64 240 ) 
4 49 59 (-384 64 247 ) (-512 64 247 ) (-512 64 240 ) (-384 64 240 ) 
4 49 57 (-192 64 247 ) (-320 64 247 ) (-320 64 240 ) (-192 64 240 ) 
4 49 53 (0 64 240 ) (0 64 247 ) (-128 64 247 ) (-128 64 240 ) 
4 49 51 (-16 64 240 ) (-80 64 240 ) (-80 192 240 ) (-16 192 240 ) 
4 49 50 (0 64 240 ) (-16 64 240 ) (-16 192 240 ) (0 192 240 ) 
4 49 52 (-80 64 240 ) (-1024 64 240 ) (-1024 192 240 ) (-80 192 240 ) 
4 50 70 (0 192 239 ) (0 64 239 ) (-16 64 239 ) (-16 192 239 ) 
4 50 54 (-16 64 239 ) (0 64 239 ) (0 64 240 ) (-16 64 240 ) 
4 50 51 (-16 64 239 ) (-16 64 240 ) (-16 192 240 ) (-16 192 239 ) 
4 51 71 (-16 64 239 ) (-80 64 239 ) (-80 192 239 ) (-16 192 239 ) 
4 51 55 (-80 64 239 ) (-16 64 239 ) (-16 64 240 ) (-80 64 240 ) 
4 51 52 (-80 64 239 ) (-80 64 240 ) (-80 192 240 ) (-80 192 239 ) 
4 52 98 (-1024 192 240 ) (-1024 192 239 ) (-1024 64 239 ) (-1024 64 240 ) 
4 52 74 (-80 64 239 ) (-1024 64 239 ) (-1024 192 239 ) (-80 192 239 ) 
4 52 64 (-1024 64 239 ) (-768 64 239 ) (-768 64 240 ) (-1024 64 240 ) 
4 52 62 (-704 64 239 ) (-576 64 239 ) (-576 64 240 ) (-704 64 240 ) 
4 52 60 (-512 64 239 ) (-384 64 239 ) (-384 64 240 ) (-512 64 240 ) 
4 52 58 (-320 64 239 ) (-192 64 239 ) (-192 64 240 ) (-320 64 240 ) 
4 52 56 (-128 64 239 ) (-80 64 239 ) (-80 64 240 ) (-128 64 240 ) 
4 53 134 (0 0 240 ) (0 0 247 ) (-128 0 247 ) (-128 0 240 ) 
4 53 55 (-16 0 240 ) (-80 0 240 ) (-80 64 240 ) (-16 64 240 ) 
4 53 54 (0 0 240 ) (-16 0 240 ) (-16 64 240 ) (0 64 240 ) 
4 53 56 (-80 0 240 ) (-128 0 240 ) (-128 64 240 ) (-80 64 240 ) 
4 54 135 (0 0 239 ) (0 0 240 ) (-16 0 240 ) (-16 0 239 ) 
4 54 70 (0 64 239 ) (0 0 239 ) (-16 0 239 ) (-16 64 239 ) 
4 54 55 (-16 0 240 ) (-16 64 240 ) (-16 64 239 ) (-16 0 239 ) 
4 55 136 (-16 0 240 ) (-80 0 240 ) (-80 0 239 ) (-16 0 239 ) 
4 55 71 (-16 0 239 ) (-80 0 239 ) (-80 64 239 ) (-16 64 239 ) 
4 55 56 (-80 0 240 ) (-80 64 240 ) (-80 64 239 ) (-80 0 239 ) 
4 56 137 (-80 0 240 ) (-128 0 240 ) (-128 0 239 ) (-80 0 239 ) 
4 56 74 (-80 0 239 ) (-128 0 239 ) (-128 64 239 ) (-80 64 239 ) 
4 57 134 (-192 0 247 ) (-320 0 247 ) (-320 0 240 ) (-192 0 240 ) 
4 57 58 (-320 64 240 ) (-192 64 240 ) (-192 0 240 ) (-320 0 240 ) 
4 58 137 (-320 0 239 ) (-192 0 239 ) (-192 0 240 ) (-320 0 240 ) 
4 58 74 (-192 0 239 ) (-320 0 239 ) (-320 64 239 ) (-192 64 239 ) 
4 59 134 (-384 0 247 ) (-512 0 247 ) (-512 0 240 ) (-384 0 240 ) 
4 59 60 (-512 64 240 ) (-384 64 240 ) (-384 0 240 ) (-512 0 240 ) 
4 60 137 (-512 0 239 ) (-384 0 239 ) (-384 0 240 ) (-512 0 240 ) 
4 60 74 (-384 0 239 ) (-512 0 239 ) (-512 64 239 ) (-384 64 239 ) 
4 61 134 (-576 0 247 ) (-704 0 247 ) (-704 0 240 ) (-576 0 240 ) 
4 61 62 (-704 0 240 ) (-704 64 240 ) (-576 64 240 ) (-576 0 240 ) 
4 62 137 (-704 0 240 ) (-704 0 239 ) (-576 0 239 ) (-576 0 240 ) 
4 62 74 (-576 0 239 ) (-704 0 239 ) (-704 64 239 ) (-576 64 239 ) 
4 63 134 (-768 0 247 ) (-1024 0 247 ) (-1024 0 240 ) (-768 0 240 ) 
4 63 85 (-1024 0 240 ) (-1024 0 247 ) (-1024 64 247 ) (-1024 64 240 ) 
4 63 64 (-1024 64 240 ) (-768 64 240 ) (-768 0 240 ) (-1024 0 240 ) 
4 64 137 (-1024 0 240 ) (-1024 0 239 ) (-768 0 239 ) (-768 0 240 ) 
4 64 98 (-1024 0 239 ) (-1024 0 240 ) (-1024 64 240 ) (-1024 64 239 ) 
4 64 74 (-768 0 239 ) (-1024 0 239 ) (-1024 64 239 ) (-768 64 239 ) 
4 65 93 (-1024 704 239 ) (-1024 1024 239 ) (-1024 1024 144 ) (-1024 704 144 ) 
4 65 75 (0 1024 144 ) (0 704 144 ) (-1024 704 144 ) (-1024 1024 144 ) 
4 65 72 (-1024 704 144 ) (-80 704 144 ) (-80 704 239 ) (-1024 704 239 ) 
4 65 68 (-80 704 144 ) (-16 704 144 ) (-16 704 239 ) (-80 704 239 ) 
4 65 66 (-16 704 144 ) (0 704 144 ) (0 704 239 ) (-16 704 239 ) 
4 66 76 (0 704 144 ) (0 400 144 ) (-16 400 144 ) (-16 704 144 ) 
4 66 68 (-16 704 239 ) (-16 704 144 ) (-16 400 144 ) (-16 400 239 ) 
4 66 67 (-16 400 239 ) (-16 400 144 ) (0 400 144 ) (0 400 239 ) 
4 67 76 (0 400 144 ) (0 336 144 ) (-16 336 144 ) (-16 400 144 ) 
4 67 70 (-16 336 144 ) (0 336 144 ) (0 336 239 ) (-16 336 239 ) 
4 67 69 (-16 400 144 ) (-16 336 144 ) (-16 336 239 ) (-16 400 239 ) 
4 68 76 (-80 400 144 ) (-80 704 144 ) (-16 704 144 ) (-16 400 144 ) 
4 68 72 (-80 704 239 ) (-80 704 144 ) (-80 400 144 ) (-80 400 239 ) 
4 68 69 (-80 400 239 ) (-80 400 144 ) (-16 400 144 ) (-16 400 239 ) 
4 69 76 (-16 336 144 ) (-80 336 144 ) (-80 400 144 ) (-16 400 144 ) 
4 69 73 (-80 400 144 ) (-80 336 144 ) (-80 336 239 ) (-80 400 239 ) 
4 69 71 (-80 336 239 ) (-80 336 144 ) (-16 336 144 ) (-16 336 239 ) 
4 70 178 (0 0 144 ) (0 0 239 ) (-16 0 239 ) (-16 0 144 ) 
4 70 76 (0 336 144 ) (0 0 144 ) (-16 0 144 ) (-16 336 144 ) 
4 70 71 (-16 336 239 ) (-16 336 144 ) (-16 0 144 ) (-16 0 239 ) 
4 71 180 (-16 0 239 ) (-80 0 239 ) (-80 0 144 ) (-16 0 144 ) 
4 71 76 (-16 0 144 ) (-80 0 144 ) (-80 336 144 ) (-16 336 144 ) 
4 71 74 (-80 336 144 ) (-80 0 144 ) (-80 0 239 ) (-80 336 239 ) 
4 72 94 (-1024 400 239 ) (-1024 704 239 ) (-1024 704 144 ) (-1024 400 144 ) 
4 72 76 (-1024 400 144 ) (-1024 704 144 ) (-80 704 144 ) (-80 400 144 ) 
4 72 73 (-1024 400 144 ) (-80 400 144 ) (-80 400 239 ) (-1024 400 239 ) 
4 73 96 (-1024 336 239 ) (-1024 400 239 ) (-1024 400 144 ) (-1024 336 144 ) 
4 73 76 (-1024 336 144 ) (-1024 400 144 ) (-80 400 144 ) (-80 336 144 ) 
4 73 74 (-1024 336 144 ) (-80 336 144 ) (-80 336 239 ) (-1024 336 239 ) 
4 74 184 (-80 0 239 ) (-1024 0 239 ) (-1024 0 144 ) (-80 0 144 ) 
4 74 98 (-1024 0 144 ) (-1024 0 239 ) (-1024 336 239 ) (-1024 336 144 ) 
4 74 76 (-80 0 144 ) (-1024 0 144 ) (-1024 336 144 ) (-80 336 144 ) 
4 75 93 (-1024 704 144 ) (-1024 1024 144 ) (-1024 1024 -184 ) (-1024 704 -184 ) 
4 75 77 (-1024 704 -184 ) (0 704 -184 ) (0 704 80 ) (-1024 704 80 ) 
4 75 76 (0 704 80 ) (0 704 144 ) (-1024 704 144 ) (-1024 704 80 ) 
4 76 188 (0 0 80 ) (0 0 144 ) (-1024 0 144 ) (-1024 0 80 ) 
4 76 107 (-1024 0 80 ) (-1024 0 128 ) (-1024 704 128 ) (-1024 704 80 ) 
4 76 99 (-1024 0 128 ) (-1024 0 144 ) (-1024 336 144 ) (-1024 336 128 ) 
4 76 97 (-1024 336 144 ) (-1024 400 144 ) (-1024 400 128 ) (-1024 336 128 ) 
4 76 95 (-1024 400 144 ) (-1024 704 144 ) (-1024 704 128 ) (-1024 400 128 ) 
4 76 77 (-1024 704 80 ) (0 704 80 ) (0 0 80 ) (-1024 0 80 ) 
4 77 189 (0 0 -184 ) (0 0 80 ) (-1024 0 80 ) (-1024 0 -184 ) 
4 77 108 (-1024 0 -184 ) (-1024 0 80 ) (-1024 704 80 ) (-1024 704 -184 ) 
4 78 93 (-1024 1024 -184 ) (-1024 1024 240 ) (-1976 1024 240 ) (-1976 1024 -184 ) 
4 78 79 (-1024 1024 240 ) (-1024 1024 376 ) (-1976 1024 376 ) (-1976 1024 240 ) 
4 79 93 (-1976 704 240 ) (-1976 1024 240 ) (-1024 1024 240 ) (-1024 704 240 ) 
4 79 87 (-1328 704 240 ) (-1280 704 240 ) (-1280 704 256 ) (-1328 704 256 ) 
4 79 86 (-1280 704 240 ) (-1216 704 240 ) (-1216 704 256 ) (-1280 704 256 ) 
4 79 83 (-1216 704 240 ) (-1024 704 240 ) (-1024 704 256 ) (-1216 704 256 ) 
4 79 92 (-1976 704 256 ) (-1976 704 240 ) (-1328 704 240 ) (-1328 704 256 ) 
4 79 81 (-1216 704 256 ) (-1024 704 256 ) (-1024 704 304 ) (-1216 704 304 ) 
4 79 80 (-1024 704 304 ) (-1024 704 376 ) (-1216 704 376 ) (-1216 704 304 ) 
4 79 82 (-1976 704 376 ) (-1976 704 256 ) (-1216 704 256 ) (-1216 704 376 ) 
4 80 191 (-1024 0 304 ) (-1024 0 376 ) (-1216 0 376 ) (-1216 0 304 ) 
4 80 82 (-1216 704 376 ) (-1216 704 304 ) (-1216 0 304 ) (-1216 0 376 ) 
4 80 81 (-1024 0 304 ) (-1216 0 304 ) (-1216 704 304 ) (-1024 704 304 ) 
4 81 192 (-1024 0 256 ) (-1024 0 304 ) (-1216 0 304 ) (-1216 0 256 ) 
4 81 84 (-1216 336 256 ) (-1216 400 256 ) (-1024 400 256 ) (-1024 336 256 ) 
4 81 83 (-1216 400 256 ) (-1216 704 256 ) (-1024 704 256 ) (-1024 400 256 ) 
4 81 85 (-1024 0 256 ) (-1216 0 256 ) (-1216 336 256 ) (-1024 336 256 ) 
4 81 82 (-1216 704 304 ) (-1216 704 256 ) (-1216 0 256 ) (-1216 0 304 ) 
4 82 194 (-1216 0 376 ) (-1280 0 376 ) (-1280 0 256 ) (-1216 0 256 ) 
4 82 197 (-1280 0 376 ) (-1976 0 376 ) (-1976 0 256 ) (-1280 0 256 ) 
4 82 91 (-1280 0 256 ) (-1328 0 256 ) (-1328 336 256 ) (-1280 336 256 ) 
4 82 90 (-1216 0 256 ) (-1280 0 256 ) (-1280 336 256 ) (-1216 336 256 ) 
4 82 89 (-1328 336 256 ) (-1328 400 256 ) (-1280 400 256 ) (-1280 336 256 ) 
4 82 88 (-1280 400 256 ) (-1216 400 256 ) (-1216 336 256 ) (-1280 336 256 ) 
4 82 87 (-1328 400 256 ) (-1328 704 256 ) (-1280 704 256 ) (-1280 400 256 ) 
4 82 86 (-1280 704 256 ) (-1216 704 256 ) (-1216 400 256 ) (-1280 400 256 ) 
4 82 92 (-1328 0 256 ) (-1976 0 256 ) (-1976 704 256 ) (-1328 704 256 ) 
4 83 94 (-1216 400 240 ) (-1216 704 240 ) (-1024 704 240 ) (-1024 400 240 ) 
4 83 86 (-1216 400 256 ) (-1216 704 256 ) (-1216 704 240 ) (-1216 400 240 ) 
4 83 84 (-1216 400 256 ) (-1216 400 240 ) (-1024 400 240 ) (-1024 400 256 ) 
4 84 96 (-1216 336 240 ) (-1216 400 240 ) (-1024 400 240 ) (-1024 336 240 ) 
4 84 88 (-1216 336 256 ) (-1216 400 256 ) (-1216 400 240 ) (-1216 336 240 ) 
4 84 85 (-1216 336 256 ) (-1216 336 240 ) (-1024 336 240 ) (-1024 336 256 ) 
4 85 192 (-1024 0 240 ) (-1024 0 256 ) (-1216 0 256 ) (-1216 0 240 ) 
4 85 98 (-1024 0 240 ) (-1216 0 240 ) (-1216 336 240 ) (-1024 336 240 ) 
4 85 90 (-1216 0 256 ) (-1216 336 256 ) (-1216 336 240 ) (-1216 0 240 ) 
4 86 100 (-1280 704 240 ) (-1216 704 240 ) (-1216 400 240 ) (-1280 400 240 ) 
4 86 88 (-1280 400 240 ) (-1216 400 240 ) (-1216 400 256 ) (-1280 400 256 ) 
4 86 87 (-1280 400 240 ) (-1280 400 256 ) (-1280 704 256 ) (-1280 704 240 ) 
4 87 101 (-1328 400 240 ) (-1328 704 240 ) (-1280 704 240 ) (-1280 400 240 ) 
4 87 89 (-1328 400 256 ) (-1328 400 240 ) (-1280 400 240 ) (-1280 400 256 ) 
4 87 92 (-1328 400 256 ) (-1328 704 256 ) (-1328 704 240 ) (-1328 400 240 ) 
4 88 102 (-1280 400 240 ) (-1216 400 240 ) (-1216 336 240 ) (-1280 336 240 ) 
4 88 90 (-1280 336 240 ) (-1216 336 240 ) (-1216 336 256 ) (-1280 336 256 ) 
4 88 89 (-1280 400 256 ) (-1280 400 240 ) (-1280 336 240 ) (-1280 336 256 ) 
4 89 103 (-1328 336 240 ) (-1328 400 240 ) (-1280 400 240 ) (-1280 336 240 ) 
4 89 91 (-1328 336 256 ) (-1328 336 240 ) (-1280 336 240 ) (-1280 336 256 ) 
4 89 92 (-1328 336 256 ) (-1328 400 256 ) (-1328 400 240 ) (-1328 336 240 ) 
4 90 195 (-1216 0 256 ) (-1280 0 256 ) (-1280 0 240 ) (-1216 0 240 ) 
4 90 104 (-1216 0 240 ) (-1280 0 240 ) (-1280 336 240 ) (-1216 336 240 ) 
4 90 91 (-1280 336 256 ) (-1280 336 240 ) (-1280 0 240 ) (-1280 0 256 ) 
4 91 197 (-1280 0 256 ) (-1328 0 256 ) (-1328 0 240 ) (-1280 0 240 ) 
4 91 105 (-1280 0 240 ) (-1328 0 240 ) (-1328 336 240 ) (-1280 336 240 ) 
4 91 92 (-1328 0 256 ) (-1328 336 256 ) (-1328 336 240 ) (-1328 0 240 ) 
4 92 197 (-1328 0 256 ) (-1976 0 256 ) (-1976 0 240 ) (-1328 0 240 ) 
4 92 106 (-1328 0 240 ) (-1976 0 240 ) (-1976 704 240 ) (-1328 704 240 ) 
4 93 108 (-1216 704 -184 ) (-1024 704 -184 ) (-1024 704 80 ) (-1216 704 80 ) 
4 93 107 (-1024 704 80 ) (-1024 704 128 ) (-1216 704 128 ) (-1216 704 80 ) 
4 93 109 (-1976 704 128 ) (-1976 704 -184 ) (-1216 704 -184 ) (-1216 704 128 ) 
4 93 101 (-1280 704 240 ) (-1328 704 240 ) (-1328 704 128 ) (-1280 704 128 ) 
4 93 100 (-1216 704 240 ) (-1280 704 240 ) (-1280 704 128 ) (-1216 704 128 ) 
4 93 95 (-1216 704 144 ) (-1216 704 128 ) (-1024 704 128 ) (-1024 704 144 ) 
4 93 94 (-1024 704 240 ) (-1216 704 240 ) (-1216 704 144 ) (-1024 704 144 ) 
4 93 106 (-1328 704 240 ) (-1976 704 240 ) (-1976 704 128 ) (-1328 704 128 ) 
4 94 100 (-1216 704 240 ) (-1216 704 144 ) (-1216 400 144 ) (-1216 400 240 ) 
4 94 96 (-1216 400 240 ) (-1216 400 144 ) (-1024 400 144 ) (-1024 400 240 ) 
4 94 95 (-1024 400 144 ) (-1216 400 144 ) (-1216 704 144 ) (-1024 704 144 ) 
4 95 107 (-1216 400 128 ) (-1216 704 128 ) (-1024 704 128 ) (-1024 400 128 ) 
4 95 100 (-1216 704 144 ) (-1216 704 128 ) (-1216 400 128 ) (-1216 400 144 ) 
4 95 97 (-1216 400 144 ) (-1216 400 128 ) (-1024 400 128 ) (-1024 400 144 ) 
4 96 102 (-1216 336 144 ) (-1216 336 240 ) (-1216 400 240 ) (-1216 400 144 ) 
4 96 98 (-1216 336 240 ) (-1216 336 144 ) (-1024 336 144 ) (-1024 336 240 ) 
4 96 97 (-1024 336 144 ) (-1216 336 144 ) (-1216 400 144 ) (-1024 400 144 ) 
4 97 107 (-1216 336 128 ) (-1216 400 128 ) (-1024 400 128 ) (-1024 336 128 ) 
4 97 102 (-1216 400 128 ) (-1216 336 128 ) (-1216 336 144 ) (-1216 400 144 ) 
4 97 99 (-1216 336 144 ) (-1216 336 128 ) (-1024 336 128 ) (-1024 336 144 ) 
4 98 198 (-1024 0 144 ) (-1024 0 240 ) (-1216 0 240 ) (-1216 0 144 ) 
4 98 104 (-1216 0 144 ) (-1216 0 240 ) (-1216 336 240 ) (-1216 336 144 ) 
4 98 99 (-1024 0 144 ) (-1216 0 144 ) (-1216 336 144 ) (-1024 336 144 ) 
4 99 201 (-1024 0 128 ) (-1024 0 144 ) (-1216 0 144 ) (-1216 0 128 ) 
4 99 107 (-1024 0 128 ) (-1216 0 128 ) (-1216 336 128 ) (-1024 336 128 ) 
4 99 104 (-1216 336 128 ) (-1216 0 128 ) (-1216 0 144 ) (-1216 336 144 ) 
4 100 109 (-1280 704 128 ) (-1216 704 128 ) (-1216 400 128 ) (-1280 400 128 ) 
4 100 102 (-1280 400 128 ) (-1216 400 128 ) (-1216 400 240 ) (-1280 400 240 ) 
4 100 101 (-1280 704 240 ) (-1280 704 128 ) (-1280 400 128 ) (-1280 400 240 ) 
4 101 109 (-1328 400 128 ) (-1328 704 128 ) (-1280 704 128 ) (-1280 400 128 ) 
4 101 103 (-1328 400 240 ) (-1328 400 128 ) (-1280 400 128 ) (-1280 400 240 ) 
4 101 106 (-1328 704 240 ) (-1328 704 128 ) (-1328 400 128 ) (-1328 400 240 ) 
4 102 109 (-1280 400 128 ) (-1216 400 128 ) (-1216 336 128 ) (-1280 336 128 ) 
4 102 104 (-1280 336 128 ) (-1216 336 128 ) (-1216 336 240 ) (-1280 336 240 ) 
4 102 103 (-1280 400 240 ) (-1280 400 128 ) (-1280 336 128 ) (-1280 336 240 ) 
4 103 109 (-1328 336 128 ) (-1328 400 128 ) (-1280 400 128 ) (-1280 336 128 ) 
4 103 105 (-1328 336 240 ) (-1328 336 128 ) (-1280 336 128 ) (-1280 336 240 ) 
4 103 106 (-1328 400 128 ) (-1328 336 128 ) (-1328 336 240 ) (-1328 400 240 ) 
4 104 204 (-1216 0 240 ) (-1280 0 240 ) (-1280 0 128 ) (-1216 0 128 ) 
4 104 109 (-1216 0 128 ) (-1280 0 128 ) (-1280 336 128 ) (-1216 336 128 ) 
4 104 105 (-1280 336 240 ) (-1280 336 128 ) (-1280 0 128 ) (-1280 0 240 ) 
4 105 207 (-1280 0 240 ) (-1328 0 240 ) (-1328 0 128 ) (-1280 0 128 ) 
4 105 109 (-1280 0 128 ) (-1328 0 128 ) (-1328 336 128 ) (-1280 336 128 ) 
4 105 106 (-1328 336 128 ) (-1328 0 128 ) (-1328 0 240 ) (-1328 336 240 ) 
4 106 207 (-1328 0 240 ) (-1976 0 240 ) (-1976 0 128 ) (-1328 0 128 ) 
4 106 109 (-1328 0 128 ) (-1976 0 128 ) (-1976 704 128 ) (-1328 704 128 ) 
4 107 201 (-1024 0 80 ) (-1024 0 128 ) (-1216 0 128 ) (-1216 0 80 ) 
4 107 109 (-1216 0 128 ) (-1216 704 128 ) (-1216 704 80 ) (-1216 0 80 ) 
4 107 108 (-1024 0 80 ) (-1216 0 80 ) (-1216 704 80 ) (-1024 704 80 ) 
4 108 202 (-1024 0 -184 ) (-1024 0 80 ) (-1216 0 80 ) (-1216 0 -184 ) 
4 108 109 (-1216 704 80 ) (-1216 704 -184 ) (-1216 0 -184 ) (-1216 0 80 ) 
4 109 205 (-1216 0 128 ) (-1280 0 128 ) (-1280 0 -184 ) (-1216 0 -184 ) 
4 109 207 (-1280 0 128 ) (-1976 0 128 ) (-1976 0 -184 ) (-1280 0 -184 ) 
4 110 129 (1592 -1024 376 ) (1408 -1024 376 ) (1408 -1024 240 ) (1592 -1024 240 ) 
4 110 114 (1408 0 240 ) (1592 0 240 ) (1592 -1024 240 ) (1408 -1024 240 ) 
4 110 112 (1408 0 240 ) (1408 -896 240 ) (1408 -896 304 ) (1408 0 304 ) 
4 110 111 (1408 -896 304 ) (1408 -896 376 ) (1408 0 376 ) (1408 0 304 ) 
4 110 113 (1408 -896 240 ) (1408 -1024 240 ) (1408 -1024 376 ) (1408 -896 376 ) 
4 111 119 (1024 -896 376 ) (1024 0 376 ) (1024 0 304 ) (1024 -896 304 ) 
4 111 113 (1408 -896 304 ) (1408 -896 376 ) (1024 -896 376 ) (1024 -896 304 ) 
4 111 112 (1408 -896 304 ) (1024 -896 304 ) (1024 0 304 ) (1408 0 304 ) 
4 112 120 (1024 0 304 ) (1024 0 240 ) (1024 -896 240 ) (1024 -896 304 ) 
4 112 115 (1024 -896 240 ) (1024 0 240 ) (1408 0 240 ) (1408 -896 240 ) 
4 112 113 (1024 -896 240 ) (1408 -896 240 ) (1408 -896 304 ) (1024 -896 304 ) 
4 113 129 (1408 -1024 376 ) (1024 -1024 376 ) (1024 -1024 240 ) (1408 -1024 240 ) 
4 113 121 (1024 -1024 240 ) (1024 -1024 376 ) (1024 -896 376 ) (1024 -896 240 ) 
4 113 118 (1024 -1024 240 ) (1024 -896 240 ) (1408 -896 240 ) (1408 -1024 240 ) 
4 114 129 (1408 -1024 -184 ) (1592 -1024 -184 ) (1592 -1024 240 ) (1408 -1024 240 ) 
4 114 116 (1408 -896 80 ) (1408 -896 144 ) (1408 0 144 ) (1408 0 80 ) 
4 114 115 (1408 -896 144 ) (1408 -896 240 ) (1408 0 240 ) (1408 0 144 ) 
4 114 117 (1408 0 -184 ) (1408 -896 -184 ) (1408 -896 80 ) (1408 0 80 ) 
4 114 118 (1408 -896 -184 ) (1408 -1024 -184 ) (1408 -1024 240 ) (1408 -896 240 ) 
4 115 122 (1024 -896 240 ) (1024 0 240 ) (1024 0 144 ) (1024 -896 144 ) 
4 115 118 (1408 -896 144 ) (1408 -896 240 ) (1024 -896 240 ) (1024 -896 144 ) 
4 115 116 (1408 -896 144 ) (1024 -896 144 ) (1024 0 144 ) (1408 0 144 ) 
4 116 126 (1024 0 144 ) (1024 0 80 ) (1024 -896 80 ) (1024 -896 144 ) 
4 116 117 (1408 -896 80 ) (1024 -896 80 ) (1024 0 80 ) (1408 0 80 ) 
4 116 118 (1408 -896 80 ) (1408 -896 144 ) (1024 -896 144 ) (1024 -896 80 ) 
4 117 127 (1024 0 80 ) (1024 0 -184 ) (1024 -896 -184 ) (1024 -896 80 ) 
4 117 118 (1024 -896 -184 ) (1408 -896 -184 ) (1408 -896 80 ) (1024 -896 80 ) 
4 118 129 (1024 -1024 240 ) (1024 -1024 -184 ) (1408 -1024 -184 ) (1408 -1024 240 ) 
4 118 128 (1024 -1024 -184 ) (1024 -1024 144 ) (1024 -896 144 ) (1024 -896 -184 ) 
4 118 122 (1024 -1024 144 ) (1024 -1024 240 ) (1024 -896 240 ) (1024 -896 144 ) 
4 119 131 (0 0 376 ) (0 0 304 ) (0 -896 304 ) (0 -896 376 ) 
4 119 121 (1024 -896 304 ) (1024 -896 376 ) (0 -896 376 ) (0 -896 304 ) 
4 119 120 (1024 -896 304 ) (0 -896 304 ) (0 0 304 ) (1024 0 304 ) 
4 120 166 (0 -384 240 ) (0 -896 240 ) (0 -896 247 ) (0 -384 247 ) 
4 120 154 (0 -320 240 ) (0 -384 240 ) (0 -384 247 ) (0 -320 247 ) 
4 120 150 (0 -192 240 ) (0 -320 240 ) (0 -320 247 ) (0 -192 247 ) 
4 120 138 (0 -128 240 ) (0 -192 240 ) (0 -192 247 ) (0 -128 247 ) 
4 120 134 (0 0 247 ) (0 0 240 ) (0 -128 240 ) (0 -128 247 ) 
4 120 132 (0 0 304 ) (0 0 247 ) (0 -896 247 ) (0 -896 304 ) 
4 120 124 (0 -528 240 ) (0 -464 240 ) (352 -464 240 ) (352 -528 240 ) 
4 120 123 (0 -464 240 ) (0 0 240 ) (352 0 240 ) (352 -464 240 ) 
4 120 125 (0 -896 240 ) (0 -528 240 ) (352 -528 240 ) (352 -896 240 ) 
4 120 122 (352 0 240 ) (1024 0 240 ) (1024 -896 240 ) (352 -896 240 ) 
4 120 121 (0 -896 240 ) (1024 -896 240 ) (1024 -896 304 ) (0 -896 304 ) 
4 121 167 (0 -896 240 ) (0 -1024 240 ) (0 -1024 247 ) (0 -896 247 ) 
4 121 133 (0 -1024 247 ) (0 -1024 376 ) (0 -896 376 ) (0 -896 247 ) 
4 121 130 (1024 -1024 240 ) (1024 -1024 376 ) (0 -1024 376 ) (0 -1024 240 ) 
4 121 125 (0 -1024 240 ) (0 -896 240 ) (352 -896 240 ) (352 -1024 240 ) 
4 121 122 (352 -896 240 ) (1024 -896 240 ) (1024 -1024 240 ) (352 -1024 240 ) 
4 122 130 (1024 -1024 144 ) (1024 -1024 240 ) (352 -1024 240 ) (352 -1024 144 ) 
4 122 126 (352 0 144 ) (1024 0 144 ) (1024 -896 144 ) (352 -896 144 ) 
4 122 128 (1024 -896 144 ) (1024 -1024 144 ) (352 -1024 144 ) (352 -896 144 ) 
4 122 124 (352 -464 144 ) (352 -528 144 ) (352 -528 240 ) (352 -464 240 ) 
4 122 123 (352 0 144 ) (352 -464 144 ) (352 -464 240 ) (352 0 240 ) 
4 122 125 (352 -528 144 ) (352 -1024 144 ) (352 -1024 240 ) (352 -528 240 ) 
4 123 178 (0 0 239 ) (0 0 144 ) (0 -464 144 ) (0 -464 239 ) 
4 123 168 (0 -384 239 ) (0 -464 239 ) (0 -464 240 ) (0 -384 240 ) 
4 123 155 (0 -320 239 ) (0 -384 239 ) (0 -384 240 ) (0 -320 240 ) 
4 123 151 (0 -192 239 ) (0 -320 239 ) (0 -320 240 ) (0 -192 240 ) 
4 123 139 (0 -128 239 ) (0 -192 239 ) (0 -192 240 ) (0 -128 240 ) 
4 123 135 (0 0 240 ) (0 0 239 ) (0 -128 239 ) (0 -128 240 ) 
4 123 126 (0 -464 144 ) (0 0 144 ) (352 0 144 ) (352 -464 144 ) 
4 123 124 (0 -464 144 ) (352 -464 144 ) (352 -464 240 ) (0 -464 240 ) 
4 124 179 (0 -464 144 ) (0 -528 144 ) (0 -528 239 ) (0 -464 239 ) 
4 124 170 (0 -528 239 ) (0 -528 240 ) (0 -464 240 ) (0 -464 239 ) 
4 124 126 (0 -528 144 ) (0 -464 144 ) (352 -464 144 ) (352 -528 144 ) 
4 124 125 (0 -528 144 ) (352 -528 144 ) (352 -528 240 ) (0 -528 240 ) 
4 125 182 (0 -528 144 ) (0 -896 144 ) (0 -896 239 ) (0 -528 239 ) 
4 125 187 (0 -896 144 ) (0 -1024 144 ) (0 -1024 239 ) (0 -896 239 ) 
4 125 174 (0 -896 240 ) (0 -528 240 ) (0 -528 239 ) (0 -896 239 ) 
4 125 177 (0 -1024 239 ) (0 -1024 240 ) (0 -896 240 ) (0 -896 239 ) 
4 125 130 (352 -1024 240 ) (0 -1024 240 ) (0 -1024 144 ) (352 -1024 144 ) 
4 125 126 (0 -896 144 ) (0 -528 144 ) (352 -528 144 ) (352 -896 144 ) 
4 125 128 (0 -1024 144 ) (0 -896 144 ) (352 -896 144 ) (352 -1024 144 ) 
4 126 188 (0 0 144 ) (0 0 80 ) (0 -896 80 ) (0 -896 144 ) 
4 126 128 (1024 -896 80 ) (1024 -896 144 ) (0 -896 144 ) (0 -896 80 ) 
4 126 127 (1024 -896 80 ) (0 -896 80 ) (0 0 80 ) (1024 0 80 ) 
4 127 189 (0 0 80 ) (0 0 -184 ) (0 -896 -184 ) (0 -896 80 ) 
4 127 128 (0 -896 -184 ) (1024 -896 -184 ) (1024 -896 80 ) (0 -896 80 ) 
4 128 190 (0 -896 -184 ) (0 -1024 -184 ) (0 -1024 144 ) (0 -896 144 ) 
4 128 130 (1024 -1024 -184 ) (1024 -1024 144 ) (0 -1024 144 ) (0 -1024 -184 ) 
4 129 130 (1024 -1024 376 ) (1024 -1024 -184 ) (1024 -1184 -184 ) (1024 -1184 376 ) 
4 130 208 (0 -1184 376 ) (0 -1024 376 ) (0 -1024 -184 ) (0 -1184 -184 ) 
4 131 191 (-1024 0 376 ) (-1024 0 304 ) (-1024 -896 304 ) (-1024 -896 376 ) 
4 131 133 (0 -896 304 ) (0 -896 376 ) (-1024 -896 376 ) (-1024 -896 304 ) 
4 131 132 (0 -896 304 ) (-1024 -896 304 ) (-1024 0 304 ) (0 0 304 ) 
4 132 192 (-1024 0 304 ) (-1024 0 247 ) (-1024 -896 247 ) (-1024 -896 304 ) 
4 132 166 (-1024 -896 247 ) (-1024 -384 247 ) (0 -384 247 ) (0 -896 247 ) 
4 132 164 (-1024 -384 247 ) (-1024 -320 247 ) (-768 -320 247 ) (-768 -384 247 ) 
4 132 162 (-704 -320 247 ) (-576 -320 247 ) (-576 -384 247 ) (-704 -384 247 ) 
4 132 160 (-512 -320 247 ) (-384 -320 247 ) (-384 -384 247 ) (-512 -384 247 ) 
4 132 158 (-320 -320 247 ) (-192 -320 247 ) (-192 -384 247 ) (-320 -384 247 ) 
4 132 154 (-128 -320 247 ) (0 -320 247 ) (0 -384 247 ) (-128 -384 247 ) 
4 132 150 (-1024 -320 247 ) (-1024 -192 247 ) (0 -192 247 ) (0 -320 247 ) 
4 132 148 (-1024 -192 247 ) (-1024 -128 247 ) (-768 -128 247 ) (-768 -192 247 ) 
4 132 146 (-704 -128 247 ) (-576 -128 247 ) (-576 -192 247 ) (-704 -192 247 ) 
4 132 144 (-512 -128 247 ) (-384 -128 247 ) (-384 -192 247 ) (-512 -192 247 ) 
4 132 142 (-320 -128 247 ) (-192 -128 247 ) (-192 -192 247 ) (-320 -192 247 ) 
4 132 138 (-128 -128 247 ) (0 -128 247 ) (0 -192 247 ) (-128 -192 247 ) 
4 132 134 (-1024 -128 247 ) (-1024 0 247 ) (0 0 247 ) (0 -128 247 ) 
4 132 133 (-1024 -896 247 ) (0 -896 247 ) (0 -896 304 ) (-1024 -896 304 ) 
4 133 208 (0 -1024 247 ) (0 -1024 376 ) (-1024 -1024 376 ) (-1024 -1024 247 ) 
4 133 193 (-1024 -896 247 ) (-1024 -1024 247 ) (-1024 -1024 376 ) (-1024 -896 376 ) 
4 133 167 (0 -1024 247 ) (-1024 -1024 247 ) (-1024 -896 247 ) (0 -896 247 ) 
4 134 192 (-1024 0 247 ) (-1024 0 240 ) (-1024 -128 240 ) (-1024 -128 247 ) 
4 134 148 (-768 -128 247 ) (-1024 -128 247 ) (-1024 -128 240 ) (-768 -128 240 ) 
4 134 146 (-576 -128 247 ) (-704 -128 247 ) (-704 -128 240 ) (-576 -128 240 ) 
4 134 144 (-384 -128 247 ) (-512 -128 247 ) (-512 -128 240 ) (-384 -128 240 ) 
4 134 142 (-192 -128 247 ) (-320 -128 247 ) (-320 -128 240 ) (-192 -128 240 ) 
4 134 138 (0 -128 240 ) (0 -128 247 ) (-128 -128 247 ) (-128 -128 240 ) 
4 134 136 (-16 -128 240 ) (-80 -128 240 ) (-80 0 240 ) (-16 0 240 ) 
4 134 135 (0 -128 240 ) (-16 -128 240 ) (-16 0 240 ) (0 0 240 ) 
4 134 137 (-80 -128 240 ) (-1024 -128 240 ) (-1024 0 240 ) (-80 0 240 ) 
4 135 178 (-16 0 239 ) (0 0 239 ) (0 -128 239 ) (-16 -128 239 ) 
4 135 139 (-16 -128 239 ) (0 -128 239 ) (0 -128 240 ) (-16 -128 240 ) 
4 135 136 (-16 0 239 ) (-16 -128 239 ) (-16 -128 240 ) (-16 0 240 ) 
4 136 180 (-80 0 239 ) (-16 0 239 ) (-16 -128 239 ) (-80 -128 239 ) 
4 136 140 (-80 -128 239 ) (-16 -128 239 ) (-16 -128 240 ) (-80 -128 240 ) 
4 136 137 (-80 0 239 ) (-80 -128 239 ) (-80 -128 240 ) (-80 0 240 ) 
4 137 198 (-1024 0 240 ) (-1024 0 239 ) (-1024 -128 239 ) (-1024 -128 240 ) 
4 137 184 (-1024 -128 239 ) (-1024 0 239 ) (-80 0 239 ) (-80 -128 239 ) 
4 137 149 (-1024 -128 239 ) (-768 -128 239 ) (-768 -128 240 ) (-1024 -128 240 ) 
4 137 147 (-704 -128 239 ) (-576 -128 239 ) (-576 -128 240 ) (-704 -128 240 ) 
4 137 145 (-512 -128 239 ) (-384 -128 239 ) (-384 -128 240 ) (-512 -128 240 ) 
4 137 143 (-320 -128 239 ) (-192 -128 239 ) (-192 -128 240 ) (-320 -128 240 ) 
4 137 141 (-128 -128 239 ) (-80 -128 239 ) (-80 -128 240 ) (-128 -128 240 ) 
4 138 150 (0 -192 240 ) (0 -192 247 ) (-128 -192 247 ) (-128 -192 240 ) 
4 138 140 (-16 -192 240 ) (-80 -192 240 ) (-80 -128 240 ) (-16 -128 240 ) 
4 138 139 (0 -192 240 ) (-16 -192 240 ) (-16 -128 240 ) (0 -128 240 ) 
4 138 141 (-80 -192 240 ) (-128 -192 240 ) (-128 -128 240 ) (-80 -128 240 ) 
4 139 178 (-16 -128 239 ) (0 -128 239 ) (0 -192 239 ) (-16 -192 239 ) 
4 139 151 (-16 -192 239 ) (0 -192 239 ) (0 -192 240 ) (-16 -192 240 ) 
4 139 140 (-16 -192 239 ) (-16 -192 240 ) (-16 -128 240 ) (-16 -128 239 ) 
4 140 180 (-80 -128 239 ) (-16 -128 239 ) (-16 -192 239 ) (-80 -192 239 ) 
4 140 152 (-80 -192 239 ) (-16 -192 239 ) (-16 -192 240 ) (-80 -192 240 ) 
4 140 141 (-80 -192 239 ) (-80 -192 240 ) (-80 -128 240 ) (-80 -128 239 ) 
4 141 184 (-128 -128 239 ) (-80 -128 239 ) (-80 -192 239 ) (-128 -192 239 ) 
4 141 153 (-128 -192 239 ) (-80 -192 239 ) (-80 -192 240 ) (-128 -192 240 ) 
4 142 150 (-192 -192 240 ) (-192 -192 247 ) (-320 -192 247 ) (-320 -192 240 ) 
4 142 143 (-320 -192 240 ) (-320 -128 240 ) (-192 -128 240 ) (-192 -192 240 ) 
4 143 184 (-320 -128 239 ) (-192 -128 239 ) (-192 -192 239 ) (-320 -192 239 ) 
4 143 153 (-320 -192 239 ) (-192 -192 239 ) (-192 -192 240 ) (-320 -192 240 ) 
4 144 150 (-384 -192 240 ) (-384 -192 247 ) (-512 -192 247 ) (-512 -192 240 ) 
4 144 145 (-512 -192 240 ) (-512 -128 240 ) (-384 -128 240 ) (-384 -192 240 ) 
4 145 184 (-512 -128 239 ) (-384 -128 239 ) (-384 -192 239 ) (-512 -192 239 ) 
4 145 153 (-512 -192 239 ) (-384 -192 239 ) (-384 -192 240 ) (-512 -192 240 ) 
4 146 150 (-576 -192 240 ) (-576 -192 247 ) (-704 -192 247 ) (-704 -192 240 ) 
4 146 147 (-704 -192 240 ) (-704 -128 240 ) (-576 -128 240 ) (-576 -192 240 ) 
4 147 184 (-704 -128 239 ) (-576 -128 239 ) (-576 -192 239 ) (-704 -192 239 ) 
4 147 153 (-704 -192 239 ) (-576 -192 239 ) (-576 -192 240 ) (-704 -192 240 ) 
4 148 192 (-1024 -192 240 ) (-1024 -192 247 ) (-1024 -128 247 ) (-1024 -128 240 ) 
4 148 150 (-768 -192 240 ) (-768 -192 247 ) (-1024 -192 247 ) (-1024 -192 240 ) 
4 148 149 (-1024 -128 240 ) (-768 -128 240 ) (-768 -192 240 ) (-1024 -192 240 ) 
4 149 198 (-1024 -128 239 ) (-1024 -192 239 ) (-1024 -192 240 ) (-1024 -128 240 ) 
4 149 184 (-1024 -192 239 ) (-1024 -128 239 ) (-768 -128 239 ) (-768 -192 239 ) 
4 149 153 (-1024 -192 239 ) (-768 -192 239 ) (-768 -192 240 ) (-1024 -192 240 ) 
4 150 192 (-1024 -320 240 ) (-1024 -320 247 ) (-1024 -192 247 ) (-1024 -192 240 ) 
4 150 164 (-768 -320 247 ) (-1024 -320 247 ) (-1024 -320 240 ) (-768 -320 240 ) 
4 150 162 (-576 -320 247 ) (-704 -320 247 ) (-704 -320 240 ) (-576 -320 240 ) 
4 150 160 (-384 -320 247 ) (-512 -320 247 ) (-512 -320 240 ) (-384 -320 240 ) 
4 150 158 (-192 -320 247 ) (-320 -320 247 ) (-320 -320 240 ) (-192 -320 240 ) 
4 150 154 (0 -320 240 ) (0 -320 247 ) (-128 -320 247 ) (-128 -320 240 ) 
4 150 152 (-16 -320 240 ) (-80 -320 240 ) (-80 -192 240 ) (-16 -192 240 ) 
4 150 151 (0 -320 240 ) (-16 -320 240 ) (-16 -192 240 ) (0 -192 240 ) 
4 150 153 (-80 -320 240 ) (-1024 -320 240 ) (-1024 -192 240 ) (-80 -192 240 ) 
4 151 178 (-16 -192 239 ) (0 -192 239 ) (0 -320 239 ) (-16 -320 239 ) 
4 151 155 (-16 -320 239 ) (0 -320 239 ) (0 -320 240 ) (-16 -320 240 ) 
4 151 152 (-16 -320 239 ) (-16 -320 240 ) (-16 -192 240 ) (-16 -192 239 ) 
4 152 180 (-80 -192 239 ) (-16 -192 239 ) (-16 -320 239 ) (-80 -320 239 ) 
4 152 156 (-80 -320 239 ) (-16 -320 239 ) (-16 -320 240 ) (-80 -320 240 ) 
4 152 153 (-80 -320 239 ) (-80 -320 240 ) (-80 -192 240 ) (-80 -192 239 ) 
4 153 198 (-1024 -192 239 ) (-1024 -320 239 ) (-1024 -320 240 ) (-1024 -192 240 ) 
4 153 184 (-1024 -320 239 ) (-1024 -192 239 ) (-80 -192 239 ) (-80 -320 239 ) 
4 153 165 (-1024 -320 239 ) (-768 -320 239 ) (-768 -320 240 ) (-1024 -320 240 ) 
4 153 163 (-704 -320 239 ) (-576 -320 239 ) (-576 -320 240 ) (-704 -320 240 ) 
4 153 161 (-512 -320 239 ) (-384 -320 239 ) (-384 -320 240 ) (-512 -320 240 ) 
4 153 159 (-320 -320 239 ) (-192 -320 239 ) (-192 -320 240 ) (-320 -320 240 ) 
4 153 157 (-128 -320 239 ) (-80 -320 239 ) (-80 -320 240 ) (-128 -320 240 ) 
4 154 166 (0 -384 240 ) (0 -384 247 ) (-128 -384 247 ) (-128 -384 240 ) 
4 154 156 (-16 -384 240 ) (-80 -384 240 ) (-80 -320 240 ) (-16 -320 240 ) 
4 154 155 (0 -384 240 ) (-16 -384 240 ) (-16 -320 240 ) (0 -320 240 ) 
4 154 157 (-80 -384 240 ) (-128 -384 240 ) (-128 -320 240 ) (-80 -320 240 ) 
4 155 178 (-16 -320 239 ) (0 -320 239 ) (0 -384 239 ) (-16 -384 239 ) 
4 155 168 (-16 -384 239 ) (0 -384 239 ) (0 -384 240 ) (-16 -384 240 ) 
4 155 156 (-16 -384 239 ) (-16 -384 240 ) (-16 -320 240 ) (-16 -320 239 ) 
4 156 180 (-80 -320 239 ) (-16 -320 239 ) (-16 -384 239 ) (-80 -384 239 ) 
4 156 169 (-80 -384 239 ) (-16 -384 239 ) (-16 -384 240 ) (-80 -384 240 ) 
4 156 157 (-80 -384 239 ) (-80 -384 240 ) (-80 -320 240 ) (-80 -320 239 ) 
4 157 184 (-128 -320 239 ) (-80 -320 239 ) (-80 -384 239 ) (-128 -384 239 ) 
4 157 172 (-128 -384 239 ) (-80 -384 239 ) (-80 -384 240 ) (-128 -384 240 ) 
4 158 166 (-192 -384 240 ) (-192 -384 247 ) (-320 -384 247 ) (-320 -384 240 ) 
4 158 159 (-320 -320 240 ) (-192 -320 240 ) (-192 -384 240 ) (-320 -384 240 ) 
4 159 184 (-320 -320 239 ) (-192 -320 239 ) (-192 -384 239 ) (-320 -384 239 ) 
4 159 172 (-320 -384 239 ) (-192 -384 239 ) (-192 -384 240 ) (-320 -384 240 ) 
4 160 166 (-384 -384 240 ) (-384 -384 247 ) (-512 -384 247 ) (-512 -384 240 ) 
4 160 161 (-512 -384 240 ) (-512 -320 240 ) (-384 -320 240 ) (-384 -384 240 ) 
4 161 184 (-512 -320 239 ) (-384 -320 239 ) (-384 -384 239 ) (-512 -384 239 ) 
4 161 172 (-512 -384 239 ) (-384 -384 239 ) (-384 -384 240 ) (-512 -384 240 ) 
4 162 166 (-576 -384 240 ) (-576 -384 247 ) (-704 -384 247 ) (-704 -384 240 ) 
4 162 163 (-704 -384 240 ) (-704 -320 240 ) (-576 -320 240 ) (-576 -384 240 ) 
4 163 184 (-704 -320 239 ) (-576 -320 239 ) (-576 -384 239 ) (-704 -384 239 ) 
4 163 172 (-704 -384 239 ) (-576 -384 239 ) (-576 -384 240 ) (-704 -384 240 ) 
4 164 192 (-1024 -384 240 ) (-1024 -384 247 ) (-1024 -320 247 ) (-1024 -320 240 ) 
4 164 166 (-768 -384 240 ) (-768 -384 247 ) (-1024 -384 247 ) (-1024 -384 240 ) 
4 164 165 (-1024 -320 240 ) (-768 -320 240 ) (-768 -384 240 ) (-1024 -384 240 ) 
4 165 198 (-1024 -320 239 ) (-1024 -384 239 ) (-1024 -384 240 ) (-1024 -320 240 ) 
4 165 184 (-1024 -384 239 ) (-1024 -320 239 ) (-768 -320 239 ) (-768 -384 239 ) 
4 165 172 (-1024 -384 239 ) (-768 -384 239 ) (-768 -384 240 ) (-1024 -384 240 ) 
4 166 192 (-1024 -896 247 ) (-1024 -384 247 ) (-1024 -384 240 ) (-1024 -896 240 ) 
4 166 175 (-80 -528 240 ) (-16 -528 240 ) (-16 -896 240 ) (-80 -896 240 ) 
4 166 174 (-16 -528 240 ) (0 -528 240 ) (0 -896 240 ) (-16 -896 240 ) 
4 166 176 (-1024 -896 240 ) (-1024 -528 240 ) (-80 -528 240 ) (-80 -896 240 ) 
4 166 173 (-1024 -528 240 ) (-1024 -464 240 ) (-80 -464 240 ) (-80 -528 240 ) 
4 166 172 (-1024 -464 240 ) (-1024 -384 240 ) (-80 -384 240 ) (-80 -464 240 ) 
4 166 171 (-16 -528 240 ) (-80 -528 240 ) (-80 -464 240 ) (-16 -464 240 ) 
4 166 170 (0 -464 240 ) (0 -528 240 ) (-16 -528 240 ) (-16 -464 240 ) 
4 166 169 (-80 -384 240 ) (-16 -384 240 ) (-16 -464 240 ) (-80 -464 240 ) 
4 166 168 (-16 -384 240 ) (0 -384 240 ) (0 -464 240 ) (-16 -464 240 ) 
4 166 167 (-1024 -896 240 ) (0 -896 240 ) (0 -896 247 ) (-1024 -896 247 ) 
4 167 208 (0 -1024 240 ) (0 -1024 247 ) (-1024 -1024 247 ) (-1024 -1024 240 ) 
4 167 193 (-1024 -1024 240 ) (-1024 -1024 247 ) (-1024 -896 247 ) (-1024 -896 240 ) 
4 167 177 (0 -1024 240 ) (-1024 -1024 240 ) (-1024 -896 240 ) (0 -896 240 ) 
4 168 178 (-16 -384 239 ) (0 -384 239 ) (0 -464 239 ) (-16 -464 239 ) 
4 168 170 (-16 -464 239 ) (0 -464 239 ) (0 -464 240 ) (-16 -464 240 ) 
4 168 169 (-16 -464 239 ) (-16 -464 240 ) (-16 -384 240 ) (-16 -384 239 ) 
4 169 180 (-80 -384 239 ) (-16 -384 239 ) (-16 -464 239 ) (-80 -464 239 ) 
4 169 172 (-80 -464 240 ) (-80 -384 240 ) (-80 -384 239 ) (-80 -464 239 ) 
4 169 171 (-80 -464 240 ) (-80 -464 239 ) (-16 -464 239 ) (-16 -464 240 ) 
4 170 179 (0 -464 239 ) (0 -528 239 ) (-16 -528 239 ) (-16 -464 239 ) 
4 170 174 (-16 -528 239 ) (0 -528 239 ) (0 -528 240 ) (-16 -528 240 ) 
4 170 171 (-16 -464 240 ) (-16 -464 239 ) (-16 -528 239 ) (-16 -528 240 ) 
4 171 181 (-16 -528 239 ) (-80 -528 239 ) (-80 -464 239 ) (-16 -464 239 ) 
4 171 175 (-80 -528 239 ) (-16 -528 239 ) (-16 -528 240 ) (-80 -528 240 ) 
4 171 173 (-80 -528 239 ) (-80 -528 240 ) (-80 -464 240 ) (-80 -464 239 ) 
4 172 198 (-1024 -384 239 ) (-1024 -464 239 ) (-1024 -464 240 ) (-1024 -384 240 ) 
4 172 184 (-1024 -464 239 ) (-1024 -384 239 ) (-80 -384 239 ) (-80 -464 239 ) 
4 172 173 (-1024 -464 239 ) (-80 -464 239 ) (-80 -464 240 ) (-1024 -464 240 ) 
4 173 199 (-1024 -464 239 ) (-1024 -528 239 ) (-1024 -528 240 ) (-1024 -464 240 ) 
4 173 185 (-1024 -528 239 ) (-1024 -464 239 ) (-80 -464 239 ) (-80 -528 239 ) 
4 173 176 (-1024 -528 239 ) (-80 -528 239 ) (-80 -528 240 ) (-1024 -528 240 ) 
4 174 182 (-16 -528 239 ) (0 -528 239 ) (0 -896 239 ) (-16 -896 239 ) 
4 174 177 (-16 -896 239 ) (0 -896 239 ) (0 -896 240 ) (-16 -896 240 ) 
4 174 175 (-16 -528 240 ) (-16 -528 239 ) (-16 -896 239 ) (-16 -896 240 ) 
4 175 183 (-80 -528 239 ) (-16 -528 239 ) (-16 -896 239 ) (-80 -896 239 ) 
4 175 176 (-80 -528 240 ) (-80 -528 239 ) (-80 -896 239 ) (-80 -896 240 ) 
4 175 177 (-80 -896 239 ) (-16 -896 239 ) (-16 -896 240 ) (-80 -896 240 ) 
4 176 200 (-1024 -528 239 ) (-1024 -896 239 ) (-1024 -896 240 ) (-1024 -528 240 ) 
4 176 186 (-1024 -896 239 ) (-1024 -528 239 ) (-80 -528 239 ) (-80 -896 239 ) 
4 176 177 (-1024 -896 239 ) (-80 -896 239 ) (-80 -896 240 ) (-1024 -896 240 ) 
4 177 208 (0 -1024 239 ) (0 -1024 240 ) (-1024 -1024 240 ) (-1024 -1024 239 ) 
4 177 200 (-1024 -896 239 ) (-1024 -1024 239 ) (-1024 -1024 240 ) (-1024 -896 240 ) 
4 177 187 (-1024 -1024 239 ) (-1024 -896 239 ) (0 -896 239 ) (0 -1024 239 ) 
4 178 188 (-16 0 144 ) (0 0 144 ) (0 -464 144 ) (-16 -464 144 ) 
4 178 180 (-16 0 144 ) (-16 -464 144 ) (-16 -464 239 ) (-16 0 239 ) 
4 178 179 (-16 -464 239 ) (-16 -464 144 ) (0 -464 144 ) (0 -464 239 ) 
4 179 188 (0 -464 144 ) (0 -528 144 ) (-16 -528 144 ) (-16 -464 144 ) 
4 179 182 (-16 -528 144 ) (0 -528 144 ) (0 -528 239 ) (-16 -528 239 ) 
4 179 181 (-16 -464 144 ) (-16 -528 144 ) (-16 -528 239 ) (-16 -464 239 ) 
4 180 188 (-80 0 144 ) (-16 0 144 ) (-16 -464 144 ) (-80 -464 144 ) 
4 180 184 (-80 0 144 ) (-80 -464 144 ) (-80 -464 239 ) (-80 0 239 ) 
4 180 181 (-80 -464 239 ) (-80 -464 144 ) (-16 -464 144 ) (-16 -464 239 ) 
4 181 188 (-16 -464 144 ) (-16 -528 144 ) (-80 -528 144 ) (-80 -464 144 ) 
4 181 185 (-80 -464 144 ) (-80 -528 144 ) (-80 -528 239 ) (-80 -464 239 ) 
4 181 183 (-80 -528 239 ) (-80 -528 144 ) (-16 -528 144 ) (-16 -528 239 ) 
4 182 188 (0 -528 144 ) (0 -896 144 ) (-16 -896 144 ) (-16 -528 144 ) 
4 182 187 (-16 -896 144 ) (0 -896 144 ) (0 -896 239 ) (-16 -896 239 ) 
4 182 183 (-16 -528 239 ) (-16 -528 144 ) (-16 -896 144 ) (-16 -896 239 ) 
4 183 188 (-16 -896 144 ) (-80 -896 144 ) (-80 -528 144 ) (-16 -528 144 ) 
4 183 186 (-80 -528 144 ) (-80 -896 144 ) (-80 -896 239 ) (-80 -528 239 ) 
4 183 187 (-80 -896 144 ) (-16 -896 144 ) (-16 -896 239 ) (-80 -896 239 ) 
4 184 198 (-1024 0 239 ) (-1024 0 144 ) (-1024 -464 144 ) (-1024 -464 239 ) 
4 184 188 (-1024 -464 144 ) (-1024 0 144 ) (-80 0 144 ) (-80 -464 144 ) 
4 184 185 (-1024 -464 144 ) (-80 -464 144 ) (-80 -464 239 ) (-1024 -464 239 ) 
4 185 199 (-1024 -464 144 ) (-1024 -528 144 ) (-1024 -528 239 ) (-1024 -464 239 ) 
4 185 188 (-1024 -528 144 ) (-1024 -464 144 ) (-80 -464 144 ) (-80 -528 144 ) 
4 185 186 (-1024 -528 144 ) (-80 -528 144 ) (-80 -528 239 ) (-1024 -528 239 ) 
4 186 200 (-1024 -528 144 ) (-1024 -896 144 ) (-1024 -896 239 ) (-1024 -528 239 ) 
4 186 188 (-1024 -896 144 ) (-1024 -528 144 ) (-80 -528 144 ) (-80 -896 144 ) 
4 186 187 (-1024 -896 144 ) (-80 -896 144 ) (-80 -896 239 ) (-1024 -896 239 ) 
4 187 208 (0 -1024 144 ) (0 -1024 239 ) (-1024 -1024 239 ) (-1024 -1024 144 ) 
4 187 200 (-1024 -896 144 ) (-1024 -1024 144 ) (-1024 -1024 239 ) (-1024 -896 239 ) 
4 187 190 (-1024 -1024 144 ) (-1024 -896 144 ) (0 -896 144 ) (0 -1024 144 ) 
4 188 201 (-1024 0 144 ) (-1024 0 80 ) (-1024 -896 80 ) (-1024 -896 144 ) 
4 188 190 (0 -896 80 ) (0 -896 144 ) (-1024 -896 144 ) (-1024 -896 80 ) 
4 188 189 (0 -896 80 ) (-1024 -896 80 ) (-1024 0 80 ) (0 0 80 ) 
4 189 202 (-1024 0 80 ) (-1024 0 -184 ) (-1024 -896 -184 ) (-1024 -896 80 ) 
4 189 190 (-1024 -896 -184 ) (0 -896 -184 ) (0 -896 80 ) (-1024 -896 80 ) 
4 190 208 (0 -1024 -184 ) (0 -1024 144 ) (-1024 -1024 144 ) (-1024 -1024 -184 ) 
4 190 203 (-1024 -896 -184 ) (-1024 -1024 -184 ) (-1024 -1024 144 ) (-1024 -896 144 ) 
4 191 194 (-1216 -896 304 ) (-1216 -896 376 ) (-1216 0 376 ) (-1216 0 304 ) 
4 191 193 (-1216 -896 376 ) (-1216 -896 304 ) (-1024 -896 304 ) (-1024 -896 376 ) 
4 191 192 (-1024 -896 304 ) (-1216 -896 304 ) (-1216 0 304 ) (-1024 0 304 ) 
4 192 199 (-1024 -464 240 ) (-1024 -528 240 ) (-1216 -528 240 ) (-1216 -464 240 ) 
4 192 198 (-1216 0 240 ) (-1024 0 240 ) (-1024 -464 240 ) (-1216 -464 240 ) 
4 192 200 (-1024 -528 240 ) (-1024 -896 240 ) (-1216 -896 240 ) (-1216 -528 240 ) 
4 192 195 (-1216 0 240 ) (-1216 -896 240 ) (-1216 -896 256 ) (-1216 0 256 ) 
4 192 194 (-1216 -896 256 ) (-1216 -896 304 ) (-1216 0 304 ) (-1216 0 256 ) 
4 192 193 (-1216 -896 304 ) (-1216 -896 240 ) (-1024 -896 240 ) (-1024 -896 304 ) 
4 193 209 (-1024 -1024 240 ) (-1024 -1024 376 ) (-1216 -1024 376 ) (-1216 -1024 240 ) 
4 193 200 (-1024 -896 240 ) (-1024 -1024 240 ) (-1216 -1024 240 ) (-1216 -896 240 ) 
4 193 196 (-1216 -896 240 ) (-1216 -1024 240 ) (-1216 -1024 376 ) (-1216 -896 376 ) 
4 194 196 (-1280 -896 376 ) (-1280 -896 256 ) (-1216 -896 256 ) (-1216 -896 376 ) 
4 194 197 (-1280 -896 256 ) (-1280 -896 376 ) (-1280 0 376 ) (-1280 0 256 ) 
4 194 195 (-1216 -896 256 ) (-1280 -896 256 ) (-1280 0 256 ) (-1216 0 256 ) 
4 195 204 (-1280 0 240 ) (-1216 0 240 ) (-1216 -896 240 ) (-1280 -896 240 ) 
4 195 196 (-1280 -896 256 ) (-1280 -896 240 ) (-1216 -896 240 ) (-1216 -896 256 ) 
4 195 197 (-1280 0 240 ) (-1280 -896 240 ) (-1280 -896 256 ) (-1280 0 256 ) 
4 196 209 (-1216 -1024 376 ) (-1280 -1024 376 ) (-1280 -1024 240 ) (-1216 -1024 240 ) 
4 196 206 (-1216 -896 240 ) (-1216 -1024 240 ) (-1280 -1024 240 ) (-1280 -896 240 ) 
4 196 197 (-1280 -896 240 ) (-1280 -1024 240 ) (-1280 -1024 376 ) (-1280 -896 376 ) 
4 197 209 (-1280 -1024 376 ) (-1976 -1024 376 ) (-1976 -1024 240 ) (-1280 -1024 240 ) 
4 197 207 (-1976 -1024 240 ) (-1976 0 240 ) (-1280 0 240 ) (-1280 -1024 240 ) 
4 198 204 (-1216 -464 240 ) (-1216 0 240 ) (-1216 0 144 ) (-1216 -464 144 ) 
4 198 201 (-1216 -464 144 ) (-1216 0 144 ) (-1024 0 144 ) (-1024 -464 144 ) 
4 198 199 (-1216 -464 240 ) (-1216 -464 144 ) (-1024 -464 144 ) (-1024 -464 240 ) 
4 199 204 (-1216 -528 240 ) (-1216 -464 240 ) (-1216 -464 144 ) (-1216 -528 144 ) 
4 199 201 (-1216 -528 144 ) (-1216 -464 144 ) (-1024 -464 144 ) (-1024 -528 144 ) 
4 199 200 (-1216 -528 240 ) (-1216 -528 144 ) (-1024 -528 144 ) (-1024 -528 240 ) 
4 200 209 (-1024 -1024 144 ) (-1024 -1024 240 ) (-1216 -1024 240 ) (-1216 -1024 144 ) 
4 200 204 (-1216 -896 240 ) (-1216 -528 240 ) (-1216 -528 144 ) (-1216 -896 144 ) 
4 200 206 (-1216 -1024 144 ) (-1216 -1024 240 ) (-1216 -896 240 ) (-1216 -896 144 ) 
4 200 201 (-1216 -896 144 ) (-1216 -528 144 ) (-1024 -528 144 ) (-1024 -896 144 ) 
4 200 203 (-1216 -1024 144 ) (-1216 -896 144 ) (-1024 -896 144 ) (-1024 -1024 144 ) 
4 201 205 (-1216 -896 80 ) (-1216 -896 128 ) (-1216 0 128 ) (-1216 0 80 ) 
4 201 204 (-1216 -896 128 ) (-1216 -896 144 ) (-1216 0 144 ) (-1216 0 128 ) 
4 201 203 (-1024 -896 144 ) (-1216 -896 144 ) (-1216 -896 80 ) (-1024 -896 80 ) 
4 201 202 (-1024 -896 80 ) (-1216 -896 80 ) (-1216 0 80 ) (-1024 0 80 ) 
4 202 205 (-1216 0 -184 ) (-1216 -896 -184 ) (-1216 -896 80 ) (-1216 0 80 ) 
4 202 203 (-1216 -896 80 ) (-1216 -896 -184 ) (-1024 -896 -184 ) (-1024 -896 80 ) 
4 203 209 (-1024 -1024 -184 ) (-1024 -1024 144 ) (-1216 -1024 144 ) (-1216 -1024 -184 ) 
4 203 206 (-1216 -896 -184 ) (-1216 -1024 -184 ) (-1216 -1024 144 ) (-1216 -896 144 ) 
4 204 206 (-1280 -896 240 ) (-1280 -896 128 ) (-1216 -896 128 ) (-1216 -896 240 ) 
4 204 207 (-1280 -896 128 ) (-1280 -896 240 ) (-1280 0 240 ) (-1280 0 128 ) 
4 204 205 (-1216 -896 128 ) (-1280 -896 128 ) (-1280 0 128 ) (-1216 0 128 ) 
4 205 206 (-1280 -896 128 ) (-1280 -896 -184 ) (-1216 -896 -184 ) (-1216 -896 128 ) 
4 205 207 (-1280 0 -184 ) (-1280 -896 -184 ) (-1280 -896 128 ) (-1280 0 128 ) 
4 206 209 (-1216 -1024 240 ) (-1280 -1024 240 ) (-1280 -1024 -184 ) (-1216 -1024 -184 ) 
4 206 207 (-1280 -896 -184 ) (-1280 -1024 -184 ) (-1280 -1024 240 ) (-1280 -896 240 ) 
4 207 209 (-1280 -1024 240 ) (-1976 -1024 240 ) (-1976 -1024 -184 ) (-1280 -1024 -184 ) 
4 208 209 (-1024 -1024 376 ) (-1024 -1024 -184 ) (-1024 -1184 -184 ) (-1024 -1184 376 ) 
