


materialPath: C:\Users\227\Desktop\BubbleSDK\aimtrain\materials
Loading C:\Users\227\Desktop\BubbleSDK\aimtrain\mapsrc\backroom.vmf
ConVarRef mat_reduceparticles doesn't point to an existing ConVar
Could not locate 'GameData' key in c:\users\227\desktop\bubblesdk\aimtrain\gameinfo.txt
fixing up env_cubemap materials on brush sides...
0...1...2...3...4...5...6...7...8...9...10**** leaked ****
Entity info_player_start (-1152.00 32.00 129.00) leaked!
Processing areas...done (0)
Building Faces...done (0)
FixTjuncs...
PruneNodes...
WriteBSP...
done (0)
Creating default LDR cubemaps for env_cubemap using skybox materials:
   skybox/sky_day01_01*.vmt
 ! Run buildcubemaps in the engine to get the correct cube maps.
Creating default HDR cubemaps for env_cubemap using skybox materials:
   skybox/sky_day01_01*.vmt
 ! Run buildcubemaps in the engine to get the correct cube maps.
Finding displacement neighbors...
Finding lightmap sample positions...
Displacement Alpha : 0...1...2...3...4...5...6...7...8...9...10
Building Physics collision data...
done (0) (2877 bytes)
Placing detail props : 0...1...2...3...4...5...6...7...8...9...10
Compacting texture/material tables...
Reduced 25 texinfos to 23
Reduced 4 texdatas to 4 (83 bytes to 83)
Writing C:\Users\227\Desktop\BubbleSDK\aimtrain\mapsrc\backroom.bsp
0 seconds elapsed



12 threads
reading c:\users\227\desktop\bubblesdk\aimtrain\mapsrc\backroom.bsp
reading c:\users\227\desktop\bubblesdk\aimtrain\mapsrc\backroom.prt
LoadPortals: couldn't read c:\users\227\desktop\bubblesdk\aimtrain\mapsrc\backroom.prt



materialPath: C:\Users\227\Desktop\BubbleSDK\aimtrain\materials
Loading C:\Users\227\Desktop\BubbleSDK\aimtrain\mapsrc\backroom.vmf
ConVarRef mat_reduceparticles doesn't point to an existing ConVar
Could not locate 'GameData' key in c:\users\227\desktop\bubblesdk\aimtrain\gameinfo.txt
fixing up env_cubemap materials on brush sides...
0...1...2...3...4...5...6...7...8...9...10**** leaked ****
Entity info_player_start (-1152.00 32.00 145.00) leaked!
Processing areas...done (0)
Building Faces...done (0)
FixTjuncs...
PruneNodes...
WriteBSP...
done (0)
Creating default LDR cubemaps for env_cubemap using skybox materials:
   skybox/sky_day01_01*.vmt
 ! Run buildcubemaps in the engine to get the correct cube maps.
Creating default HDR cubemaps for env_cubemap using skybox materials:
   skybox/sky_day01_01*.vmt
 ! Run buildcubemaps in the engine to get the correct cube maps.
Finding displacement neighbors...
Finding lightmap sample positions...
Displacement Alpha : 0...1...2...3...4...5...6...7...8...9...10
Building Physics collision data...
done (0) (2941 bytes)
Placing detail props : 0...1...2...3...4...5...6...7...8...9...10
Compacting texture/material tables...
Reduced 25 texinfos to 23
Reduced 4 texdatas to 4 (83 bytes to 83)
Writing C:\Users\227\Desktop\BubbleSDK\aimtrain\mapsrc\backroom.bsp
0 seconds elapsed



12 threads
reading c:\users\227\desktop\bubblesdk\aimtrain\mapsrc\backroom.bsp
reading c:\users\227\desktop\bubblesdk\aimtrain\mapsrc\backroom.prt
LoadPortals: couldn't read c:\users\227\desktop\bubblesdk\aimtrain\mapsrc\backroom.prt



materialPath: C:\Users\227\Desktop\BubbleSDK\aimtrain\materials
Loading C:\Users\227\Desktop\BubbleSDK\aimtrain\mapsrc\backroom.vmf
ConVarRef mat_reduceparticles doesn't point to an existing ConVar
Could not locate 'GameData' key in c:\users\227\desktop\bubblesdk\aimtrain\gameinfo.txt
fixing up env_cubemap materials on brush sides...
0...1...2...3...4...5...6...7...8...9...10**** leaked ****
Entity info_player_start (-1152.00 32.00 153.00) leaked!
Processing areas...done (0)
Building Faces...done (0)
FixTjuncs...
PruneNodes...
WriteBSP...
done (0)
Creating default LDR cubemaps for env_cubemap using skybox materials:
   skybox/sky_day01_01*.vmt
 ! Run buildcubemaps in the engine to get the correct cube maps.
Creating default HDR cubemaps for env_cubemap using skybox materials:
   skybox/sky_day01_01*.vmt
 ! Run buildcubemaps in the engine to get the correct cube maps.
Finding displacement neighbors...
Finding lightmap sample positions...
Displacement Alpha : 0...1...2...3...4...5...6...7...8...9...10
Building Physics collision data...
done (0) (2941 bytes)
Placing detail props : 0...1...2...3...4...5...6...7...8...9...10
Compacting texture/material tables...
Reduced 25 texinfos to 23
Reduced 4 texdatas to 4 (83 bytes to 83)
Writing C:\Users\227\Desktop\BubbleSDK\aimtrain\mapsrc\backroom.bsp
0 seconds elapsed



12 threads
reading c:\users\227\desktop\bubblesdk\aimtrain\mapsrc\backroom.bsp
reading c:\users\227\desktop\bubblesdk\aimtrain\mapsrc\backroom.prt
LoadPortals: couldn't read c:\users\227\desktop\bubblesdk\aimtrain\mapsrc\backroom.prt



materialPath: C:\Users\227\Desktop\BubbleSDK\aimtrain\materials
Loading C:\Users\227\Desktop\BubbleSDK\aimtrain\mapsrc\backroom.vmf
ConVarRef mat_reduceparticles doesn't point to an existing ConVar
Could not locate 'GameData' key in c:\users\227\desktop\bubblesdk\aimtrain\gameinfo.txt
fixing up env_cubemap materials on brush sides...
0...1...2...3...4...5...6...7...8...9...100...1...2...3...4...5...6...7...8...9...10Processing areas...done (0)
Building Faces...done (0)
FixTjuncs...
PruneNodes...
WriteBSP...
done (0)
writing C:\Users\227\Desktop\BubbleSDK\aimtrain\mapsrc\backroom.prt...Building visibility clusters...
done (0)
Creating default LDR cubemaps for env_cubemap using skybox materials:
   skybox/sky_day01_01*.vmt
 ! Run buildcubemaps in the engine to get the correct cube maps.
Creating default HDR cubemaps for env_cubemap using skybox materials:
   skybox/sky_day01_01*.vmt
 ! Run buildcubemaps in the engine to get the correct cube maps.
Finding displacement neighbors...
Finding lightmap sample positions...
Displacement Alpha : 0...1...2...3...4...5...6...7...8...9...10
Building Physics collision data...
done (0) (5037 bytes)
Placing detail props : 0...1...2...3...4...5...6...7...8...9...10
Compacting texture/material tables...
Reduced 28 texinfos to 26
Reduced 5 texdatas to 5 (137 bytes to 137)
Writing C:\Users\227\Desktop\BubbleSDK\aimtrain\mapsrc\backroom.bsp
0 seconds elapsed



12 threads
reading c:\users\227\desktop\bubblesdk\aimtrain\mapsrc\backroom.bsp
reading c:\users\227\desktop\bubblesdk\aimtrain\mapsrc\backroom.prt
 131 portalclusters
 458 numportals
0...1...2...3...4...5...6...7...8...9...100...1...2...3...4...5...6...7...8...9...10Optimized: 0 visible clusters (0.00%)
Total clusters visible: 17161
Average clusters visible: 131
Building PAS...
Average clusters audible: 131
visdatasize:5506  compressed from 6288
writing c:\users\227\desktop\bubblesdk\aimtrain\mapsrc\backroom.bsp
0 seconds elapsed



Could not find lights.rad in lights.rad.
Trying VRAD BIN directory instead...
Warning: Couldn't open texlight file C:\Users\227\Desktop\BubbleSDK\bin\lights.rad.
Loading c:\users\227\desktop\bubblesdk\aimtrain\mapsrc\backroom.bsp
194 faces
286993 square feet [41327104.00 square inches]
0 Displacements
0 Square Feet [0.00 Square Inches]
194 patches before subdivision
14262 patches after subdivision
0 direct lights
0...1...2...3...4...5...6...7...8...9...100...1...2...3...4...5...6...7...8...9...10transfers 3138860, max 669
transfer lists:  23.9 megs
0...1...2...3...4...5...6...7...8...9...10	Bounce #1 added RGB(0, 0, 0)
Build Patch/Sample Hash Table(s).....Done<0.0021 sec>
0...1...2...3...4...5...6...7...8...9...10FinalLightFace Done
0 of 0 (0% of) surface lights went in leaf ambient cubes.
0...1...2...3...4...5...6...7...8...9...10Writing leaf ambient...done
Ready to Finish

Object names       Objects/Maxobjs  Memory / Maxmem  Fullness 
------------       ---------------  ---------------  -------- 
models                   1/1024           48/49152    ( 0.1%) 
brushes                 13/8192          156/98304    ( 0.2%) 
brushsides              78/65536         624/524288   ( 0.1%) 
planes                 100/65536        2000/1310720  ( 0.2%) 
vertexes               260/65536        3120/786432   ( 0.4%) 
nodes                  191/65536        6112/2097152  ( 0.3%) 
texinfos                26/12288        1872/884736   ( 0.2%) 
texdata                  5/2048          160/65536    ( 0.2%) 
dispinfos                0/0               0/0        ( 0.0%) 
disp_verts               0/0               0/0        ( 0.0%) 
disp_tris                0/0               0/0        ( 0.0%) 
disp_lmsamples           0/0               0/0        ( 0.0%) 
faces                  194/65536       10864/3670016  ( 0.3%) 
hdr faces                0/65536           0/3670016  ( 0.0%) 
origfaces               43/65536        2408/3670016  ( 0.1%) 
leaves                 193/65536        6176/2097152  ( 0.3%) 
leaffaces              231/65536         462/131072   ( 0.4%) 
leafbrushes            106/65536         212/131072   ( 0.2%) 
areas                    2/256            16/2048     ( 0.8%) 
surfedges              996/512000       3984/2048000  ( 0.2%) 
edges                  525/256000       2100/1024000  ( 0.2%) 
LDR worldlights          0/8192            0/720896   ( 0.0%) 
HDR worldlights          0/8192            0/720896   ( 0.0%) 
leafwaterdata            0/32768           0/393216   ( 0.0%) 
waterstrips              2/32768          20/327680   ( 0.0%) 
waterverts               0/65536           0/786432   ( 0.0%) 
waterindices            24/65536          48/131072   ( 0.0%) 
cubemapsamples           0/1024            0/16384    ( 0.0%) 
overlays                 0/512             0/180224   ( 0.0%) 
LDR lightdata         [variable]      189364/0        ( 0.0%) 
HDR lightdata         [variable]           0/0        ( 0.0%) 
visdata               [variable]        5506/16777216 ( 0.0%) 
entdata               [variable]         392/393216   ( 0.1%) 
LDR ambient table      193/65536         772/262144   ( 0.3%) 
HDR ambient table      193/65536         772/262144   ( 0.3%) 
LDR leaf ambient       131/65536        3668/1835008  ( 0.2%) 
HDR leaf ambient       193/65536        5404/1835008  ( 0.3%) 
occluders                0/0               0/0        ( 0.0%) 
occluder polygons        0/0               0/0        ( 0.0%) 
occluder vert ind        0/0               0/0        ( 0.0%) 
detail props          [variable]           1/12       ( 8.3%) 
static props          [variable]           1/12       ( 8.3%) 
pakfile               [variable]      105663/0        ( 0.0%) 
physics               [variable]        5037/4194304  ( 0.1%) 
physics terrain       [variable]           2/1048576  ( 0.0%) 

Level flags = 0

Total triangle count: 436
Writing c:\users\227\desktop\bubblesdk\aimtrain\mapsrc\backroom.bsp
0 seconds elapsed



materialPath: C:\Users\227\Desktop\BubbleSDK\aimtrain\materials
Loading C:\Users\227\Desktop\BubbleSDK\aimtrain\mapsrc\backroom.vmf
ConVarRef mat_reduceparticles doesn't point to an existing ConVar
Could not locate 'GameData' key in c:\users\227\desktop\bubblesdk\aimtrain\gameinfo.txt
fixing up env_cubemap materials on brush sides...
0...1...2...3...4...5...6...7...8...9...100...1...2...3...4...5...6...7...8...9...10Processing areas...done (0)
Building Faces...done (0)
FixTjuncs...
PruneNodes...
WriteBSP...
done (0)
writing C:\Users\227\Desktop\BubbleSDK\aimtrain\mapsrc\backroom.prt...Building visibility clusters...
done (0)
Creating default LDR cubemaps for env_cubemap using skybox materials:
   skybox/sky_day01_01*.vmt
 ! Run buildcubemaps in the engine to get the correct cube maps.
Creating default HDR cubemaps for env_cubemap using skybox materials:
   skybox/sky_day01_01*.vmt
 ! Run buildcubemaps in the engine to get the correct cube maps.
Finding displacement neighbors...
Finding lightmap sample positions...
Displacement Alpha : 0...1...2...3...4...5...6...7...8...9...10
Building Physics collision data...
done (0) (5037 bytes)
Placing detail props : 0...1...2...3...4...5...6...7...8...9...10
Compacting texture/material tables...
Reduced 28 texinfos to 26
Reduced 5 texdatas to 5 (137 bytes to 137)
Writing C:\Users\227\Desktop\BubbleSDK\aimtrain\mapsrc\backroom.bsp
0 seconds elapsed



12 threads
reading c:\users\227\desktop\bubblesdk\aimtrain\mapsrc\backroom.bsp
reading c:\users\227\desktop\bubblesdk\aimtrain\mapsrc\backroom.prt
 131 portalclusters
 458 numportals
0...1...2...3...4...5...6...7...8...9...100...1...2...3...4...5...6...7...8...9...10Optimized: 0 visible clusters (0.00%)
Total clusters visible: 17161
Average clusters visible: 131
Building PAS...
Average clusters audible: 131
visdatasize:5506  compressed from 6288
writing c:\users\227\desktop\bubblesdk\aimtrain\mapsrc\backroom.bsp
0 seconds elapsed



Could not find lights.rad in lights.rad.
Trying VRAD BIN directory instead...
Warning: Couldn't open texlight file C:\Users\227\Desktop\BubbleSDK\bin\lights.rad.
Loading c:\users\227\desktop\bubblesdk\aimtrain\mapsrc\backroom.bsp
194 faces
286993 square feet [41327104.00 square inches]
0 Displacements
0 Square Feet [0.00 Square Inches]
194 patches before subdivision
14262 patches after subdivision
1 direct lights
0...1...2...3...4...5...6...7...8...9...100...1...2...3...4...5...6...7...8...9...10transfers 3138860, max 669
transfer lists:  23.9 megs
0...1...2...3...4...5...6...7...8...9...10	Bounce #1 added RGB(235, 179, 2)
0...1...2...3...4...5...6...7...8...9...10	Bounce #2 added RGB(88, 61, 1)
0...1...2...3...4...5...6...7...8...9...10	Bounce #3 added RGB(17, 10, 0)
0...1...2...3...4...5...6...7...8...9...10	Bounce #4 added RGB(6, 3, 0)
0...1...2...3...4...5...6...7...8...9...10	Bounce #5 added RGB(1, 1, 0)
0...1...2...3...4...5...6...7...8...9...10	Bounce #6 added RGB(0, 0, 0)
Build Patch/Sample Hash Table(s).....Done<0.0019 sec>
0...1...2...3...4...5...6...7...8...9...10FinalLightFace Done
0 of 0 (0% of) surface lights went in leaf ambient cubes.
0...1...2...3...4...5...6...7...8...9...10Writing leaf ambient...done
Ready to Finish

Object names       Objects/Maxobjs  Memory / Maxmem  Fullness 
------------       ---------------  ---------------  -------- 
models                   1/1024           48/49152    ( 0.1%) 
brushes                 13/8192          156/98304    ( 0.2%) 
brushsides              78/65536         624/524288   ( 0.1%) 
planes                 100/65536        2000/1310720  ( 0.2%) 
vertexes               260/65536        3120/786432   ( 0.4%) 
nodes                  191/65536        6112/2097152  ( 0.3%) 
texinfos                26/12288        1872/884736   ( 0.2%) 
texdata                  5/2048          160/65536    ( 0.2%) 
dispinfos                0/0               0/0        ( 0.0%) 
disp_verts               0/0               0/0        ( 0.0%) 
disp_tris                0/0               0/0        ( 0.0%) 
disp_lmsamples           0/0               0/0        ( 0.0%) 
faces                  194/65536       10864/3670016  ( 0.3%) 
hdr faces                0/65536           0/3670016  ( 0.0%) 
origfaces               43/65536        2408/3670016  ( 0.1%) 
leaves                 193/65536        6176/2097152  ( 0.3%) 
leaffaces              231/65536         462/131072   ( 0.4%) 
leafbrushes            106/65536         212/131072   ( 0.2%) 
areas                    2/256            16/2048     ( 0.8%) 
surfedges              996/512000       3984/2048000  ( 0.2%) 
edges                  525/256000       2100/1024000  ( 0.2%) 
LDR worldlights          1/8192           88/720896   ( 0.0%) 
HDR worldlights          0/8192            0/720896   ( 0.0%) 
leafwaterdata            0/32768           0/393216   ( 0.0%) 
waterstrips              2/32768          20/327680   ( 0.0%) 
waterverts               0/65536           0/786432   ( 0.0%) 
waterindices            24/65536          48/131072   ( 0.0%) 
cubemapsamples           0/1024            0/16384    ( 0.0%) 
overlays                 0/512             0/180224   ( 0.0%) 
LDR lightdata         [variable]      189364/0        ( 0.0%) 
HDR lightdata         [variable]           0/0        ( 0.0%) 
visdata               [variable]        5506/16777216 ( 0.0%) 
entdata               [variable]         805/393216   ( 0.2%) 
LDR ambient table      193/65536         772/262144   ( 0.3%) 
HDR ambient table      193/65536         772/262144   ( 0.3%) 
LDR leaf ambient       235/65536        6580/1835008  ( 0.4%) 
HDR leaf ambient       193/65536        5404/1835008  ( 0.3%) 
occluders                0/0               0/0        ( 0.0%) 
occluder polygons        0/0               0/0        ( 0.0%) 
occluder vert ind        0/0               0/0        ( 0.0%) 
detail props          [variable]           1/12       ( 8.3%) 
static props          [variable]           1/12       ( 8.3%) 
pakfile               [variable]      105663/0        ( 0.0%) 
physics               [variable]        5037/4194304  ( 0.1%) 
physics terrain       [variable]           2/1048576  ( 0.0%) 

Level flags = 0

Total triangle count: 436
Writing c:\users\227\desktop\bubblesdk\aimtrain\mapsrc\backroom.bsp
0 seconds elapsed



materialPath: C:\Users\227\Desktop\BubbleSDK\aimtrain\materials
Loading C:\Users\227\Desktop\BubbleSDK\aimtrain\mapsrc\backroom.vmf
ConVarRef mat_reduceparticles doesn't point to an existing ConVar
Could not locate 'GameData' key in c:\users\227\desktop\bubblesdk\aimtrain\gameinfo.txt
fixing up env_cubemap materials on brush sides...
0...1...2...3...4...5...6...7...8...9...100...1...2...3...4...5...6...7...8...9...10Processing areas...done (0)
Building Faces...done (0)
FixTjuncs...
PruneNodes...
WriteBSP...
done (0)
writing C:\Users\227\Desktop\BubbleSDK\aimtrain\mapsrc\backroom.prt...Building visibility clusters...
done (0)
Creating default LDR cubemaps for env_cubemap using skybox materials:
   skybox/sky_day01_01*.vmt
 ! Run buildcubemaps in the engine to get the correct cube maps.
Creating default HDR cubemaps for env_cubemap using skybox materials:
   skybox/sky_day01_01*.vmt
 ! Run buildcubemaps in the engine to get the correct cube maps.
Finding displacement neighbors...
Finding lightmap sample positions...
Displacement Alpha : 0...1...2...3...4...5...6...7...8...9...10
Building Physics collision data...
done (0) (10917 bytes)
Placing detail props : 0...1...2...3...4...5...6...7...8...9...10
Compacting texture/material tables...
Reduced 28 texinfos to 26
Reduced 5 texdatas to 5 (137 bytes to 137)
Writing C:\Users\227\Desktop\BubbleSDK\aimtrain\mapsrc\backroom.bsp
0 seconds elapsed



12 threads
reading c:\users\227\desktop\bubblesdk\aimtrain\mapsrc\backroom.bsp
reading c:\users\227\desktop\bubblesdk\aimtrain\mapsrc\backroom.prt
 210 portalclusters
 755 numportals
0...1...2...3...4...5...6...7...8...9...100...1...2...3...4...5...6...7...8...9...10Optimized: 127 visible clusters (0.29%)
Total clusters visible: 43217
Average clusters visible: 205
Building PAS...
Average clusters audible: 210
visdatasize:13024  compressed from 13440
writing c:\users\227\desktop\bubblesdk\aimtrain\mapsrc\backroom.bsp
0 seconds elapsed



Could not find lights.rad in lights.rad.
Trying VRAD BIN directory instead...
Warning: Couldn't open texlight file C:\Users\227\Desktop\BubbleSDK\bin\lights.rad.
Loading c:\users\227\desktop\bubblesdk\aimtrain\mapsrc\backroom.bsp
408 faces
287633 square feet [41419264.00 square inches]
0 Displacements
0 Square Feet [0.00 Square Inches]
408 patches before subdivision
14572 patches after subdivision
16 direct lights
0...1...2...3...4...5...6...7...8...9...100...1...2...3...4...5...6...7...8...9...10transfers 3756554, max 751
transfer lists:  28.7 megs
0...1...2...3...4...5...6...7...8...9...10	Bounce #1 added RGB(3665, 2788, 37)
0...1...2...3...4...5...6...7...8...9...10	Bounce #2 added RGB(1018, 706, 7)
0...1...2...3...4...5...6...7...8...9...10	Bounce #3 added RGB(228, 138, 0)
0...1...2...3...4...5...6...7...8...9...10	Bounce #4 added RGB(61, 33, 0)
0...1...2...3...4...5...6...7...8...9...10	Bounce #5 added RGB(13, 6, 0)
0...1...2...3...4...5...6...7...8...9...10	Bounce #6 added RGB(4, 2, 0)
0...1...2...3...4...5...6...7...8...9...10	Bounce #7 added RGB(1, 0, 0)
Build Patch/Sample Hash Table(s).....Done<0.0019 sec>
0...1...2...3...4...5...6...7...8...9...10FinalLightFace Done
0 of 0 (0% of) surface lights went in leaf ambient cubes.
0...1...2...3...4...5...6...7...8...9...10Writing leaf ambient...done
Ready to Finish

Object names       Objects/Maxobjs  Memory / Maxmem  Fullness 
------------       ---------------  ---------------  -------- 
models                   1/1024           48/49152    ( 0.1%) 
brushes                 28/8192          336/98304    ( 0.3%) 
brushsides             168/65536        1344/524288   ( 0.3%) 
planes                 124/65536        2480/1310720  ( 0.2%) 
vertexes               506/65536        6072/786432   ( 0.8%) 
nodes                  290/65536        9280/2097152  ( 0.4%) 
texinfos                26/12288        1872/884736   ( 0.2%) 
texdata                  5/2048          160/65536    ( 0.2%) 
dispinfos                0/0               0/0        ( 0.0%) 
disp_verts               0/0               0/0        ( 0.0%) 
disp_tris                0/0               0/0        ( 0.0%) 
disp_lmsamples           0/0               0/0        ( 0.0%) 
faces                  408/65536       22848/3670016  ( 0.6%) 
hdr faces                0/65536           0/3670016  ( 0.0%) 
origfaces              133/65536        7448/3670016  ( 0.2%) 
leaves                 292/65536        9344/2097152  ( 0.4%) 
leaffaces              444/65536         888/131072   ( 0.7%) 
leafbrushes            181/65536         362/131072   ( 0.3%) 
areas                    2/256            16/2048     ( 0.8%) 
surfedges             2306/512000       9224/2048000  ( 0.5%) 
edges                 1280/256000       5120/1024000  ( 0.5%) 
LDR worldlights         16/8192         1408/720896   ( 0.2%) 
HDR worldlights          0/8192            0/720896   ( 0.0%) 
leafwaterdata            0/32768           0/393216   ( 0.0%) 
waterstrips              7/32768          70/327680   ( 0.0%) 
waterverts               0/65536           0/786432   ( 0.0%) 
waterindices           210/65536         420/131072   ( 0.3%) 
cubemapsamples           0/1024            0/16384    ( 0.0%) 
overlays                 0/512             0/180224   ( 0.0%) 
LDR lightdata         [variable]      192712/0        ( 0.0%) 
HDR lightdata         [variable]           0/0        ( 0.0%) 
visdata               [variable]       13024/16777216 ( 0.1%) 
entdata               [variable]        6988/393216   ( 1.8%) 
LDR ambient table      292/65536        1168/262144   ( 0.4%) 
HDR ambient table      292/65536        1168/262144   ( 0.4%) 
LDR leaf ambient      1279/65536       35812/1835008  ( 2.0%) 
HDR leaf ambient       292/65536        8176/1835008  ( 0.4%) 
occluders                0/0               0/0        ( 0.0%) 
occluder polygons        0/0               0/0        ( 0.0%) 
occluder vert ind        0/0               0/0        ( 0.0%) 
detail props          [variable]           1/12       ( 8.3%) 
static props          [variable]           1/12       ( 8.3%) 
pakfile               [variable]      105663/0        ( 0.0%) 
physics               [variable]       10917/4194304  ( 0.3%) 
physics terrain       [variable]           2/1048576  ( 0.0%) 

Level flags = 0

Total triangle count: 958
Writing c:\users\227\desktop\bubblesdk\aimtrain\mapsrc\backroom.bsp
0 seconds elapsed



materialPath: C:\Users\227\Desktop\BubbleSDK\aimtrain\materials
Loading C:\Users\227\Desktop\BubbleSDK\aimtrain\mapsrc\backroom.vmf
ConVarRef mat_reduceparticles doesn't point to an existing ConVar
Could not locate 'GameData' key in c:\users\227\desktop\bubblesdk\aimtrain\gameinfo.txt
fixing up env_cubemap materials on brush sides...
0...1...2...3...4...5...6...7...8...9...100...1...2...3...4...5...6...7...8...9...10Processing areas...done (0)
Building Faces...done (0)
FixTjuncs...
PruneNodes...
WriteBSP...
done (0)
writing C:\Users\227\Desktop\BubbleSDK\aimtrain\mapsrc\backroom.prt...Building visibility clusters...
done (0)
Creating default LDR cubemaps for env_cubemap using skybox materials:
   skybox/sky_day01_01*.vmt
 ! Run buildcubemaps in the engine to get the correct cube maps.
Creating default HDR cubemaps for env_cubemap using skybox materials:
   skybox/sky_day01_01*.vmt
 ! Run buildcubemaps in the engine to get the correct cube maps.
Finding displacement neighbors...
Finding lightmap sample positions...
Displacement Alpha : 0...1...2...3...4...5...6...7...8...9...10
Building Physics collision data...
done (0) (10917 bytes)
Placing detail props : 0...1...2...3...4...5...6...7...8...9...10
Compacting texture/material tables...
Reduced 28 texinfos to 26
Reduced 5 texdatas to 5 (137 bytes to 137)
Writing C:\Users\227\Desktop\BubbleSDK\aimtrain\mapsrc\backroom.bsp
0 seconds elapsed



12 threads
reading c:\users\227\desktop\bubblesdk\aimtrain\mapsrc\backroom.bsp
reading c:\users\227\desktop\bubblesdk\aimtrain\mapsrc\backroom.prt
 210 portalclusters
 755 numportals
0...1...2...3...4...5...6...7...8...9...100...1...2...3...4...5...6...7...8...9...10Optimized: 127 visible clusters (0.29%)
Total clusters visible: 43217
Average clusters visible: 205
Building PAS...
Average clusters audible: 210
visdatasize:13024  compressed from 13440
writing c:\users\227\desktop\bubblesdk\aimtrain\mapsrc\backroom.bsp
0 seconds elapsed



Could not find lights.rad in lights.rad.
Trying VRAD BIN directory instead...
Warning: Couldn't open texlight file C:\Users\227\Desktop\BubbleSDK\bin\lights.rad.
Loading c:\users\227\desktop\bubblesdk\aimtrain\mapsrc\backroom.bsp
408 faces
287633 square feet [41419264.00 square inches]
0 Displacements
0 Square Feet [0.00 Square Inches]
408 patches before subdivision
14572 patches after subdivision
16 direct lights
0...1...2...3...4...5...6...7...8...9...100...1...2...3...4...5...6...7...8...9...10transfers 3756554, max 751
transfer lists:  28.7 megs
0...1...2...3...4...5...6...7...8...9...10	Bounce #1 added RGB(3643, 2771, 37)
0...1...2...3...4...5...6...7...8...9...10	Bounce #2 added RGB(1009, 699, 7)
0...1...2...3...4...5...6...7...8...9...10	Bounce #3 added RGB(225, 136, 0)
0...1...2...3...4...5...6...7...8...9...10	Bounce #4 added RGB(60, 33, 0)
0...1...2...3...4...5...6...7...8...9...10	Bounce #5 added RGB(13, 6, 0)
0...1...2...3...4...5...6...7...8...9...10	Bounce #6 added RGB(4, 2, 0)
0...1...2...3...4...5...6...7...8...9...10	Bounce #7 added RGB(1, 0, 0)
Build Patch/Sample Hash Table(s).....Done<0.0020 sec>
0...1...2...3...4...5...6...7...8...9...10FinalLightFace Done
0 of 0 (0% of) surface lights went in leaf ambient cubes.
0...1...2...3...4...5...6...7...8...9...10Writing leaf ambient...done
Ready to Finish

Object names       Objects/Maxobjs  Memory / Maxmem  Fullness 
------------       ---------------  ---------------  -------- 
models                   1/1024           48/49152    ( 0.1%) 
brushes                 28/8192          336/98304    ( 0.3%) 
brushsides             168/65536        1344/524288   ( 0.3%) 
planes                 124/65536        2480/1310720  ( 0.2%) 
vertexes               506/65536        6072/786432   ( 0.8%) 
nodes                  294/65536        9408/2097152  ( 0.4%) 
texinfos                26/12288        1872/884736   ( 0.2%) 
texdata                  5/2048          160/65536    ( 0.2%) 
dispinfos                0/0               0/0        ( 0.0%) 
disp_verts               0/0               0/0        ( 0.0%) 
disp_tris                0/0               0/0        ( 0.0%) 
disp_lmsamples           0/0               0/0        ( 0.0%) 
faces                  408/65536       22848/3670016  ( 0.6%) 
hdr faces                0/65536           0/3670016  ( 0.0%) 
origfaces              133/65536        7448/3670016  ( 0.2%) 
leaves                 296/65536        9472/2097152  ( 0.5%) 
leaffaces              444/65536         888/131072   ( 0.7%) 
leafbrushes            185/65536         370/131072   ( 0.3%) 
areas                    2/256            16/2048     ( 0.8%) 
surfedges             2306/512000       9224/2048000  ( 0.5%) 
edges                 1288/256000       5152/1024000  ( 0.5%) 
LDR worldlights         16/8192         1408/720896   ( 0.2%) 
HDR worldlights          0/8192            0/720896   ( 0.0%) 
leafwaterdata            0/32768           0/393216   ( 0.0%) 
waterstrips              7/32768          70/327680   ( 0.0%) 
waterverts               0/65536           0/786432   ( 0.0%) 
waterindices           210/65536         420/131072   ( 0.3%) 
cubemapsamples           0/1024            0/16384    ( 0.0%) 
overlays                 0/512             0/180224   ( 0.0%) 
LDR lightdata         [variable]      192712/0        ( 0.0%) 
HDR lightdata         [variable]           0/0        ( 0.0%) 
visdata               [variable]       13024/16777216 ( 0.1%) 
entdata               [variable]        6988/393216   ( 1.8%) 
LDR ambient table      296/65536        1184/262144   ( 0.5%) 
HDR ambient table      296/65536        1184/262144   ( 0.5%) 
LDR leaf ambient      1322/65536       37016/1835008  ( 2.0%) 
HDR leaf ambient       296/65536        8288/1835008  ( 0.5%) 
occluders                0/0               0/0        ( 0.0%) 
occluder polygons        0/0               0/0        ( 0.0%) 
occluder vert ind        0/0               0/0        ( 0.0%) 
detail props          [variable]           1/12       ( 8.3%) 
static props          [variable]           1/12       ( 8.3%) 
pakfile               [variable]      105663/0        ( 0.0%) 
physics               [variable]       10917/4194304  ( 0.3%) 
physics terrain       [variable]           2/1048576  ( 0.0%) 

Level flags = 0

Total triangle count: 958
Writing c:\users\227\desktop\bubblesdk\aimtrain\mapsrc\backroom.bsp
0 seconds elapsed
