PRT1
37
77
4 0 19 (960 0 896 ) (0 0 896 ) (0 0 64 ) (960 0 64 ) 
4 0 15 (0 0 64 ) (0 0 72 ) (0 896 72 ) (0 896 64 ) 
4 0 2 (0 0 72 ) (0 0 384 ) (0 896 384 ) (0 896 72 ) 
4 0 1 (0 0 384 ) (0 0 896 ) (0 896 896 ) (0 896 384 ) 
4 1 26 (-640 0 896 ) (-704 0 896 ) (-704 0 384 ) (-640 0 384 ) 
4 1 23 (-224 0 896 ) (-288 0 896 ) (-288 0 384 ) (-224 0 384 ) 
4 1 25 (-288 0 896 ) (-640 0 896 ) (-640 0 384 ) (-288 0 384 ) 
4 1 21 (-160 0 896 ) (-224 0 896 ) (-224 0 384 ) (-160 0 384 ) 
4 1 20 (0 0 384 ) (0 0 896 ) (-160 0 896 ) (-160 0 384 ) 
4 1 11 (-704 640 384 ) (-704 0 384 ) (-704 0 896 ) (-704 640 896 ) 
4 1 10 (-704 896 576 ) (-704 896 384 ) (-704 640 384 ) (-704 640 576 ) 
4 1 9 (-704 896 896 ) (-704 896 576 ) (-704 640 576 ) (-704 640 896 ) 
4 1 7 (-704 640 384 ) (-704 896 384 ) (-640 896 384 ) (-640 640 384 ) 
4 1 8 (-704 0 384 ) (-704 192 384 ) (-640 192 384 ) (-640 0 384 ) 
4 1 6 (-640 896 384 ) (-288 896 384 ) (-288 0 384 ) (-640 0 384 ) 
4 1 5 (-224 448 384 ) (-224 0 384 ) (-288 0 384 ) (-288 448 384 ) 
4 1 4 (-160 448 384 ) (-160 0 384 ) (-224 0 384 ) (-224 448 384 ) 
4 1 3 (-224 896 384 ) (-160 896 384 ) (-160 448 384 ) (-224 448 384 ) 
4 1 2 (-160 896 384 ) (0 896 384 ) (0 0 384 ) (-160 0 384 ) 
4 2 20 (0 0 72 ) (0 0 384 ) (-160 0 384 ) (-160 0 72 ) 
4 2 15 (0 0 72 ) (-160 0 72 ) (-160 896 72 ) (0 896 72 ) 
4 2 4 (-160 0 256 ) (-160 0 384 ) (-160 448 384 ) (-160 448 256 ) 
4 2 3 (-160 896 72 ) (-160 448 72 ) (-160 448 384 ) (-160 896 384 ) 
4 3 16 (-224 448 72 ) (-224 896 72 ) (-160 896 72 ) (-160 448 72 ) 
4 3 4 (-224 448 384 ) (-224 448 256 ) (-160 448 256 ) (-160 448 384 ) 
4 4 21 (-160 0 384 ) (-224 0 384 ) (-224 0 256 ) (-160 0 256 ) 
4 4 5 (-224 0 256 ) (-224 0 384 ) (-224 448 384 ) (-224 448 256 ) 
4 5 23 (-224 0 384 ) (-288 0 384 ) (-288 0 320 ) (-224 0 320 ) 
4 5 6 (-288 448 72 ) (-288 0 72 ) (-288 0 384 ) (-288 448 384 ) 
4 6 25 (-288 0 384 ) (-640 0 384 ) (-640 0 72 ) (-288 0 72 ) 
4 6 17 (-392 0 72 ) (-524 0 72 ) (-524 896 72 ) (-392 896 72 ) 
4 6 7 (-640 896 72 ) (-640 640 72 ) (-640 640 384 ) (-640 896 384 ) 
4 6 8 (-640 192 72 ) (-640 0 72 ) (-640 0 384 ) (-640 192 384 ) 
4 7 10 (-704 896 384 ) (-704 896 72 ) (-704 640 72 ) (-704 640 384 ) 
4 8 26 (-640 0 384 ) (-704 0 384 ) (-704 0 72 ) (-640 0 72 ) 
4 8 13 (-704 192 72 ) (-704 0 72 ) (-704 0 384 ) (-704 192 384 ) 
4 9 11 (-960 640 896 ) (-960 640 576 ) (-704 640 576 ) (-704 640 896 ) 
4 9 10 (-704 640 576 ) (-896 640 576 ) (-896 896 576 ) (-704 896 576 ) 
4 10 11 (-704 640 384 ) (-704 640 576 ) (-896 640 576 ) (-896 640 384 ) 
4 11 26 (-960 0 896 ) (-960 0 384 ) (-704 0 384 ) (-704 0 896 ) 
4 11 12 (-960 256 384 ) (-960 576 384 ) (-704 576 384 ) (-704 256 384 ) 
4 11 13 (-960 0 384 ) (-960 192 384 ) (-704 192 384 ) (-704 0 384 ) 
4 13 26 (-960 0 384 ) (-960 0 72 ) (-704 0 72 ) (-704 0 384 ) 
4 13 14 (-960 192 72 ) (-960 0 72 ) (-960 0 320 ) (-960 192 320 ) 
4 14 32 (-1024 0 320 ) (-1024 0 72 ) (-960 0 72 ) (-960 0 320 ) 
4 14 18 (-1024 0 72 ) (-1024 0 320 ) (-1024 192 320 ) (-1024 192 72 ) 
4 15 33 (0 0 64 ) (0 0 72 ) (-160 0 72 ) (-160 0 64 ) 
4 15 16 (-160 448 72 ) (-160 896 72 ) (-160 896 64 ) (-160 448 64 ) 
4 17 35 (-392 0 72 ) (-524 0 72 ) (-524 0 68 ) (-392 0 68 ) 
4 18 36 (-1024 0 72 ) (-1024 0 320 ) (-1280 0 320 ) (-1280 0 72 ) 
4 19 33 (0 0 72 ) (0 0 64 ) (0 -960 64 ) (0 -960 72 ) 
4 19 20 (0 0 896 ) (0 0 72 ) (0 -960 72 ) (0 -960 896 ) 
4 20 33 (0 -960 72 ) (-160 -960 72 ) (-160 0 72 ) (0 0 72 ) 
4 20 22 (-160 -960 256 ) (-160 -960 896 ) (-160 -448 896 ) (-160 -448 256 ) 
4 20 21 (-160 0 72 ) (-160 -448 72 ) (-160 -448 896 ) (-160 0 896 ) 
4 21 34 (-224 -448 72 ) (-224 0 72 ) (-160 0 72 ) (-160 -448 72 ) 
4 21 23 (-224 -448 320 ) (-224 -448 896 ) (-224 0 896 ) (-224 0 320 ) 
4 21 22 (-224 -448 896 ) (-224 -448 256 ) (-160 -448 256 ) (-160 -448 896 ) 
4 22 24 (-224 -960 256 ) (-224 -960 896 ) (-224 -448 896 ) (-224 -448 256 ) 
4 23 24 (-288 -448 896 ) (-288 -448 320 ) (-224 -448 320 ) (-224 -448 896 ) 
4 23 25 (-288 -448 320 ) (-288 -448 896 ) (-288 0 896 ) (-288 0 320 ) 
4 24 25 (-288 -448 72 ) (-288 -960 72 ) (-288 -960 896 ) (-288 -448 896 ) 
4 25 35 (-392 -960 72 ) (-524 -960 72 ) (-524 0 72 ) (-392 0 72 ) 
4 25 30 (-640 -960 256 ) (-640 -960 896 ) (-640 -704 896 ) (-640 -704 256 ) 
4 25 28 (-640 -704 320 ) (-640 -704 896 ) (-640 -256 896 ) (-640 -256 320 ) 
4 25 27 (-640 -256 256 ) (-640 -256 896 ) (-640 -192 896 ) (-640 -192 256 ) 
4 25 26 (-640 0 72 ) (-640 -192 72 ) (-640 -192 896 ) (-640 0 896 ) 
4 26 32 (-960 0 72 ) (-960 -192 72 ) (-960 -192 320 ) (-960 0 320 ) 
4 26 27 (-960 -192 896 ) (-960 -192 256 ) (-640 -192 256 ) (-640 -192 896 ) 
4 27 28 (-640 -256 320 ) (-640 -256 896 ) (-704 -256 896 ) (-704 -256 320 ) 
4 27 29 (-960 -256 896 ) (-960 -256 256 ) (-704 -256 256 ) (-704 -256 896 ) 
4 28 30 (-640 -704 320 ) (-640 -704 896 ) (-704 -704 896 ) (-704 -704 320 ) 
4 28 29 (-704 -256 896 ) (-704 -256 320 ) (-704 -704 320 ) (-704 -704 896 ) 
4 29 31 (-960 -704 896 ) (-960 -704 72 ) (-704 -704 72 ) (-704 -704 896 ) 
4 30 31 (-704 -704 896 ) (-704 -704 256 ) (-704 -960 256 ) (-704 -960 896 ) 
4 32 36 (-1024 0 320 ) (-1024 0 72 ) (-1024 -192 72 ) (-1024 -192 320 ) 
4 33 34 (-160 0 64 ) (-160 -448 64 ) (-160 -448 72 ) (-160 0 72 ) 
