


materialPath: C:\Users\stoin\Desktop\BackroomsProject\BubbleClient\materials
Loading C:\Users\stoin\Desktop\BackroomsProject\BubbleClient\mapsrc\ch_01_02.vmf
Could not locate 'GameData' key in c:\users\stoin\desktop\backroomsproject\bubbleclient\gameinfo.txt
fixing up env_cubemap materials on brush sides...
0...1...2...3...4...5...6...7...8...9...10**** leaked ****
Processing areas...done (0)
Building Faces...done (0)
FixTjuncs...
PruneNodes...
WriteBSP...
done (0)
Creating default LDR cubemaps for env_cubemap using skybox materials:
   skybox/sky_day01_01*.vmt
 ! Run buildcubemaps in the engine to get the correct cube maps.
Creating default HDR cubemaps for env_cubemap using skybox materials:
   skybox/sky_day01_01*.vmt
 ! Run buildcubemaps in the engine to get the correct cube maps.
Finding displacement neighbors...
Finding lightmap sample positions...
Displacement Alpha : 0...1...2...3...4...5...6...7...8...9...10
Building Physics collision data...
done (0) (577 bytes)
Error! prop_static using model "models/props_c17/signpole001.mdl", which must be used on a dynamic entity (i.e. prop_physics). Deleted.
Error loading studio model "models/props_c17/signpole001.mdl"!
Static prop models/props_vehicles/car004a.mdl outside the map (-392.00, 632.00, 92.00)
Error! prop_static using model "models/props_c17/streetsign001c.mdl", which must be used on a dynamic entity (i.e. prop_physics). Deleted.
Error loading studio model "models/props_c17/streetsign001c.mdl"!
Static prop models/props_c17/lamppost03a_on.mdl outside the map (-352.00, 160.00, 73.00)
Static prop models/props_c17/lamppost03a_on.mdl outside the map (-352.00, 552.00, 73.00)
Static prop models/props_c17/lamppost03a_on.mdl outside the map (-352.00, -312.00, 73.00)
Placing detail props : 0...1...2...3...4...5...6...7...8...9...10
Compacting texture/material tables...
Reduced 20 texinfos to 3
Reduced 5 texdatas to 3 (115 bytes to 61)
Writing C:\Users\stoin\Desktop\BackroomsProject\BubbleClient\mapsrc\ch_01_02.bsp
0 seconds elapsed



6 threads
reading c:\users\stoin\desktop\backroomsproject\bubbleclient\mapsrc\ch_01_02.bsp
Empty map


materialPath: C:\Users\stoin\Desktop\BackroomsProject\BubbleClient\materials
Loading C:\Users\stoin\Desktop\BackroomsProject\BubbleClient\mapsrc\ch_01_02.vmf
Could not locate 'GameData' key in c:\users\stoin\desktop\backroomsproject\bubbleclient\gameinfo.txt
fixing up env_cubemap materials on brush sides...
0...1...2...3...4...5...6...7...8...9...100...1...2...3...4...5...6...7...8...9...10Processing areas...done (0)
Building Faces...done (0)
FixTjuncs...
PruneNodes...
WriteBSP...
done (0)
writing C:\Users\stoin\Desktop\BackroomsProject\BubbleClient\mapsrc\ch_01_02.prt...Building visibility clusters...
done (0)
Creating default LDR cubemaps for env_cubemap using skybox materials:
   skybox/sky_day01_01*.vmt
 ! Run buildcubemaps in the engine to get the correct cube maps.
Creating default HDR cubemaps for env_cubemap using skybox materials:
   skybox/sky_day01_01*.vmt
 ! Run buildcubemaps in the engine to get the correct cube maps.
Finding displacement neighbors...
Finding lightmap sample positions...
Displacement Alpha : 0...1...2...3...4...5...6...7...8...9...10
Building Physics collision data...
done (0) (12021 bytes)
Error! prop_static using model "models/props_c17/signpole001.mdl", which must be used on a dynamic entity (i.e. prop_physics). Deleted.
Error loading studio model "models/props_c17/signpole001.mdl"!
Error! prop_static using model "models/props_c17/streetsign001c.mdl", which must be used on a dynamic entity (i.e. prop_physics). Deleted.
Error loading studio model "models/props_c17/streetsign001c.mdl"!
Placing detail props : 0...1...2...3...4...5...6...7...8...9...10
Compacting texture/material tables...
Reduced 20 texinfos to 11
Reduced 5 texdatas to 5 (115 bytes to 115)
Writing C:\Users\stoin\Desktop\BackroomsProject\BubbleClient\mapsrc\ch_01_02.bsp
0 seconds elapsed



6 threads
reading c:\users\stoin\desktop\backroomsproject\bubbleclient\mapsrc\ch_01_02.bsp
reading c:\users\stoin\desktop\backroomsproject\bubbleclient\mapsrc\ch_01_02.prt
  37 portalclusters
  77 numportals
0...1...2...3...4...5...6...7...8...9...100...1...2...3...4...5...6...7...8...9...10Optimized: 1 visible clusters (0.08%)
Total clusters visible: 1196
Average clusters visible: 32
Building PAS...
Average clusters audible: 37
visdatasize:671  compressed from 592
writing c:\users\stoin\desktop\backroomsproject\bubbleclient\mapsrc\ch_01_02.bsp
0 seconds elapsed



Could not find lights.rad in lights.rad.
Trying VRAD BIN directory instead...
Warning: Couldn't open texlight file C:\Users\stoin\Desktop\BackroomsProject\bin\lights.rad.
Loading c:\users\stoin\desktop\backroomsproject\bubbleclient\mapsrc\ch_01_02.bsp
133 faces
108807 square feet [15668256.00 square inches]
0 Displacements
0 Square Feet [0.00 Square Inches]
133 patches before subdivision
5773 patches after subdivision
0 direct lights
0...1...2...3...4...5...6...7...8...9...100...1...2...3...4...5...6...7...8...9...10transfers 247749, max 202
transfer lists:   1.9 megs
0...1...2...3...4...5...6...7...8...9...10	Bounce #1 added RGB(0, 0, 0)
Build Patch/Sample Hash Table(s).....Done<0.0011 sec>
0...1...2...3...4...5...6...7...8...9...10FinalLightFace Done
0 of 0 (0% of) surface lights went in leaf ambient cubes.
0...1...2...3...4...5...6...7...8...9...10Writing leaf ambient...done
Ready to Finish

Object names       Objects/Maxobjs  Memory / Maxmem  Fullness 
------------       ---------------  ---------------  -------- 
models                   1/1024           48/49152    ( 0.1%) 
brushes                 33/8192          396/98304    ( 0.4%) 
brushsides             198/65536        1584/524288   ( 0.3%) 
planes                 116/65536        2320/1310720  ( 0.2%) 
vertexes               248/65536        2976/786432   ( 0.4%) 
nodes                   97/65536        3104/2097152  ( 0.1%) 
texinfos                11/12288         792/884736   ( 0.1%) 
texdata                  5/2048          160/65536    ( 0.2%) 
dispinfos                0/0               0/0        ( 0.0%) 
disp_verts               0/0               0/0        ( 0.0%) 
disp_tris                0/0               0/0        ( 0.0%) 
disp_lmsamples           0/0               0/0        ( 0.0%) 
faces                  133/65536        7448/3670016  ( 0.2%) 
hdr faces                0/65536           0/3670016  ( 0.0%) 
origfaces               65/65536        3640/3670016  ( 0.1%) 
leaves                  99/65536        3168/2097152  ( 0.2%) 
leaffaces              159/65536         318/131072   ( 0.2%) 
leafbrushes            110/65536         220/131072   ( 0.2%) 
areas                    2/256            16/2048     ( 0.8%) 
surfedges              888/512000       3552/2048000  ( 0.2%) 
edges                  513/256000       2052/1024000  ( 0.2%) 
LDR worldlights          0/8192            0/720896   ( 0.0%) 
HDR worldlights          0/8192            0/720896   ( 0.0%) 
leafwaterdata            0/32768           0/393216   ( 0.0%) 
waterstrips             17/32768         170/327680   ( 0.1%) 
waterverts               0/65536           0/786432   ( 0.0%) 
waterindices           234/65536         468/131072   ( 0.4%) 
cubemapsamples           0/1024            0/16384    ( 0.0%) 
overlays                 0/512             0/180224   ( 0.0%) 
LDR lightdata         [variable]      115736/0        ( 0.0%) 
HDR lightdata         [variable]           0/0        ( 0.0%) 
visdata               [variable]         671/16777216 ( 0.0%) 
entdata               [variable]        1408/393216   ( 0.4%) 
LDR ambient table       99/65536         396/262144   ( 0.2%) 
HDR ambient table       99/65536         396/262144   ( 0.2%) 
LDR leaf ambient        37/65536        1036/1835008  ( 0.1%) 
HDR leaf ambient        99/65536        2772/1835008  ( 0.2%) 
occluders                0/0               0/0        ( 0.0%) 
occluder polygons        0/0               0/0        ( 0.0%) 
occluder vert ind        0/0               0/0        ( 0.0%) 
detail props          [variable]           1/12       ( 8.3%) 
static props          [variable]           1/538      ( 0.2%) 
pakfile               [variable]      105663/0        ( 0.0%) 
physics               [variable]       12021/4194304  ( 0.3%) 
physics terrain       [variable]           2/1048576  ( 0.0%) 

Level flags = 0

Total triangle count: 362
Writing c:\users\stoin\desktop\backroomsproject\bubbleclient\mapsrc\ch_01_02.bsp
0 seconds elapsed



materialPath: C:\Users\stoin\Desktop\BackroomsProject\BubbleClient\materials
Loading C:\Users\stoin\Desktop\BackroomsProject\BubbleClient\mapsrc\ch_01_02.vmf
Could not locate 'GameData' key in c:\users\stoin\desktop\backroomsproject\bubbleclient\gameinfo.txt
fixing up env_cubemap materials on brush sides...
0...1...2...3...4...5...6...7...8...9...100...1...2...3...4...5...6...7...8...9...10Processing areas...done (0)
Building Faces...done (0)
FixTjuncs...
PruneNodes...
WriteBSP...
done (0)
writing C:\Users\stoin\Desktop\BackroomsProject\BubbleClient\mapsrc\ch_01_02.prt...Building visibility clusters...
done (0)
Creating default LDR cubemaps for env_cubemap using skybox materials:
   skybox/sky_day01_09*.vmt
 ! Run buildcubemaps in the engine to get the correct cube maps.
Creating default HDR cubemaps for env_cubemap using skybox materials:
   skybox/sky_day01_09*.vmt
 ! Run buildcubemaps in the engine to get the correct cube maps.
Finding displacement neighbors...
Finding lightmap sample positions...
Displacement Alpha : 0...1...2...3...4...5...6...7...8...9...10
Building Physics collision data...
done (0) (12021 bytes)
Error! prop_static using model "models/props_c17/signpole001.mdl", which must be used on a dynamic entity (i.e. prop_physics). Deleted.
Error loading studio model "models/props_c17/signpole001.mdl"!
Error! prop_static using model "models/props_c17/streetsign001c.mdl", which must be used on a dynamic entity (i.e. prop_physics). Deleted.
Error loading studio model "models/props_c17/streetsign001c.mdl"!
Placing detail props : 0...1...2...3...4...5...6...7...8...9...10
Compacting texture/material tables...
Reduced 20 texinfos to 11
Reduced 5 texdatas to 5 (115 bytes to 115)
Writing C:\Users\stoin\Desktop\BackroomsProject\BubbleClient\mapsrc\ch_01_02.bsp
0 seconds elapsed



6 threads
reading c:\users\stoin\desktop\backroomsproject\bubbleclient\mapsrc\ch_01_02.bsp
reading c:\users\stoin\desktop\backroomsproject\bubbleclient\mapsrc\ch_01_02.prt
  37 portalclusters
  77 numportals
0...1...2...3...4...5...6...7...8...9...100...1...2...3...4...5...6...7...8...9...10Optimized: 1 visible clusters (0.08%)
Total clusters visible: 1196
Average clusters visible: 32
Building PAS...
Average clusters audible: 37
visdatasize:671  compressed from 592
writing c:\users\stoin\desktop\backroomsproject\bubbleclient\mapsrc\ch_01_02.bsp
0 seconds elapsed



Could not find lights.rad in lights.rad.
Trying VRAD BIN directory instead...
Warning: Couldn't open texlight file C:\Users\stoin\Desktop\BackroomsProject\bin\lights.rad.
Loading c:\users\stoin\desktop\backroomsproject\bubbleclient\mapsrc\ch_01_02.bsp
133 faces
108807 square feet [15668256.00 square inches]
0 Displacements
0 Square Feet [0.00 Square Inches]
133 patches before subdivision
5773 patches after subdivision
0 direct lights
0...1...2...3...4...5...6...7...8...9...100...1...2...3...4...5...6...7...8...9...10transfers 247749, max 202
transfer lists:   1.9 megs
0...1...2...3...4...5...6...7...8...9...10	Bounce #1 added RGB(0, 0, 0)
Build Patch/Sample Hash Table(s).....Done<0.0014 sec>
0...1...2...3...4...5...6...7...8...9...10FinalLightFace Done
0 of 0 (0% of) surface lights went in leaf ambient cubes.
0...1...2...3...4...5...6...7...8...9...10Writing leaf ambient...done
Ready to Finish

Object names       Objects/Maxobjs  Memory / Maxmem  Fullness 
------------       ---------------  ---------------  -------- 
models                   1/1024           48/49152    ( 0.1%) 
brushes                 33/8192          396/98304    ( 0.4%) 
brushsides             198/65536        1584/524288   ( 0.3%) 
planes                 116/65536        2320/1310720  ( 0.2%) 
vertexes               248/65536        2976/786432   ( 0.4%) 
nodes                   97/65536        3104/2097152  ( 0.1%) 
texinfos                11/12288         792/884736   ( 0.1%) 
texdata                  5/2048          160/65536    ( 0.2%) 
dispinfos                0/0               0/0        ( 0.0%) 
disp_verts               0/0               0/0        ( 0.0%) 
disp_tris                0/0               0/0        ( 0.0%) 
disp_lmsamples           0/0               0/0        ( 0.0%) 
faces                  133/65536        7448/3670016  ( 0.2%) 
hdr faces                0/65536           0/3670016  ( 0.0%) 
origfaces               65/65536        3640/3670016  ( 0.1%) 
leaves                  99/65536        3168/2097152  ( 0.2%) 
leaffaces              159/65536         318/131072   ( 0.2%) 
leafbrushes            110/65536         220/131072   ( 0.2%) 
areas                    2/256            16/2048     ( 0.8%) 
surfedges              888/512000       3552/2048000  ( 0.2%) 
edges                  513/256000       2052/1024000  ( 0.2%) 
LDR worldlights          0/8192            0/720896   ( 0.0%) 
HDR worldlights          0/8192            0/720896   ( 0.0%) 
leafwaterdata            0/32768           0/393216   ( 0.0%) 
waterstrips             17/32768         170/327680   ( 0.1%) 
waterverts               0/65536           0/786432   ( 0.0%) 
waterindices           234/65536         468/131072   ( 0.4%) 
cubemapsamples           0/1024            0/16384    ( 0.0%) 
overlays                 0/512             0/180224   ( 0.0%) 
LDR lightdata         [variable]      115736/0        ( 0.0%) 
HDR lightdata         [variable]           0/0        ( 0.0%) 
visdata               [variable]         671/16777216 ( 0.0%) 
entdata               [variable]        1534/393216   ( 0.4%) 
LDR ambient table       99/65536         396/262144   ( 0.2%) 
HDR ambient table       99/65536         396/262144   ( 0.2%) 
LDR leaf ambient        37/65536        1036/1835008  ( 0.1%) 
HDR leaf ambient        99/65536        2772/1835008  ( 0.2%) 
occluders                0/0               0/0        ( 0.0%) 
occluder polygons        0/0               0/0        ( 0.0%) 
occluder vert ind        0/0               0/0        ( 0.0%) 
detail props          [variable]           1/12       ( 8.3%) 
static props          [variable]           1/538      ( 0.2%) 
pakfile               [variable]      105663/0        ( 0.0%) 
physics               [variable]       12021/4194304  ( 0.3%) 
physics terrain       [variable]           2/1048576  ( 0.0%) 

Level flags = 0

Total triangle count: 362
Writing c:\users\stoin\desktop\backroomsproject\bubbleclient\mapsrc\ch_01_02.bsp
0 seconds elapsed



materialPath: C:\Users\stoin\Desktop\BackroomsProject\BubbleClient\materials
Loading C:\Users\stoin\Desktop\BackroomsProject\BubbleClient\mapsrc\ch_01_02.vmf
Could not locate 'GameData' key in c:\users\stoin\desktop\backroomsproject\bubbleclient\gameinfo.txt
fixing up env_cubemap materials on brush sides...
0...1...2...3...4...5...6...7...8...9...100...1...2...3...4...5...6...7...8...9...10Processing areas...done (0)
Building Faces...done (0)
FixTjuncs...
PruneNodes...
WriteBSP...
done (0)
writing C:\Users\stoin\Desktop\BackroomsProject\BubbleClient\mapsrc\ch_01_02.prt...Building visibility clusters...
done (0)
Creating default LDR cubemaps for env_cubemap using skybox materials:
   skybox/sky_day01_09*.vmt
 ! Run buildcubemaps in the engine to get the correct cube maps.
Creating default HDR cubemaps for env_cubemap using skybox materials:
   skybox/sky_day01_09*.vmt
 ! Run buildcubemaps in the engine to get the correct cube maps.
Finding displacement neighbors...
Finding lightmap sample positions...
Displacement Alpha : 0...1...2...3...4...5...6...7...8...9...10
Building Physics collision data...
done (0) (12021 bytes)
Error! prop_static using model "models/props_c17/signpole001.mdl", which must be used on a dynamic entity (i.e. prop_physics). Deleted.
Error loading studio model "models/props_c17/signpole001.mdl"!
Error! prop_static using model "models/props_c17/streetsign001c.mdl", which must be used on a dynamic entity (i.e. prop_physics). Deleted.
Error loading studio model "models/props_c17/streetsign001c.mdl"!
Placing detail props : 0...1...2...3...4...5...6...7...8...9...10
Compacting texture/material tables...
Reduced 20 texinfos to 11
Reduced 5 texdatas to 5 (115 bytes to 115)
Writing C:\Users\stoin\Desktop\BackroomsProject\BubbleClient\mapsrc\ch_01_02.bsp
0 seconds elapsed



6 threads
reading c:\users\stoin\desktop\backroomsproject\bubbleclient\mapsrc\ch_01_02.bsp
reading c:\users\stoin\desktop\backroomsproject\bubbleclient\mapsrc\ch_01_02.prt
  37 portalclusters
  77 numportals
0...1...2...3...4...5...6...7...8...9...100...1...2...3...4...5...6...7...8...9...10Optimized: 1 visible clusters (0.08%)
Total clusters visible: 1196
Average clusters visible: 32
Building PAS...
Average clusters audible: 37
visdatasize:671  compressed from 592
writing c:\users\stoin\desktop\backroomsproject\bubbleclient\mapsrc\ch_01_02.bsp
0 seconds elapsed



Could not find lights.rad in lights.rad.
Trying VRAD BIN directory instead...
Warning: Couldn't open texlight file C:\Users\stoin\Desktop\BackroomsProject\bin\lights.rad.
Loading c:\users\stoin\desktop\backroomsproject\bubbleclient\mapsrc\ch_01_02.bsp
133 faces
108807 square feet [15668256.00 square inches]
0 Displacements
0 Square Feet [0.00 Square Inches]
133 patches before subdivision
5773 patches after subdivision
2 direct lights
0...1...2...3...4...5...6...7...8...9...100...1...2...3...4...5...6...7...8...9...10transfers 247749, max 202
transfer lists:   1.9 megs
0...1...2...3...4...5...6...7...8...9...10	Bounce #1 added RGB(3570, 2783, 1373)
0...1...2...3...4...5...6...7...8...9...10	Bounce #2 added RGB(1114, 344, 3)
0...1...2...3...4...5...6...7...8...9...10	Bounce #3 added RGB(382, 48, 0)
0...1...2...3...4...5...6...7...8...9...10	Bounce #4 added RGB(142, 7, 0)
0...1...2...3...4...5...6...7...8...9...10	Bounce #5 added RGB(57, 1, 0)
0...1...2...3...4...5...6...7...8...9...10	Bounce #6 added RGB(24, 0, 0)
0...1...2...3...4...5...6...7...8...9...10	Bounce #7 added RGB(11, 0, 0)
0...1...2...3...4...5...6...7...8...9...10	Bounce #8 added RGB(5, 0, 0)
0...1...2...3...4...5...6...7...8...9...10	Bounce #9 added RGB(3, 0, 0)
0...1...2...3...4...5...6...7...8...9...10	Bounce #10 added RGB(1, 0, 0)
0...1...2...3...4...5...6...7...8...9...10	Bounce #11 added RGB(1, 0, 0)
Build Patch/Sample Hash Table(s).....Done<0.0011 sec>
0...1...2...3...4...5...6...7...8...9...10FinalLightFace Done
0 of 0 (0% of) surface lights went in leaf ambient cubes.
0...1...2...3...4...5...6...7...8...9...10Writing leaf ambient...done
Ready to Finish

Object names       Objects/Maxobjs  Memory / Maxmem  Fullness 
------------       ---------------  ---------------  -------- 
models                   1/1024           48/49152    ( 0.1%) 
brushes                 33/8192          396/98304    ( 0.4%) 
brushsides             198/65536        1584/524288   ( 0.3%) 
planes                 116/65536        2320/1310720  ( 0.2%) 
vertexes               248/65536        2976/786432   ( 0.4%) 
nodes                   97/65536        3104/2097152  ( 0.1%) 
texinfos                11/12288         792/884736   ( 0.1%) 
texdata                  5/2048          160/65536    ( 0.2%) 
dispinfos                0/0               0/0        ( 0.0%) 
disp_verts               0/0               0/0        ( 0.0%) 
disp_tris                0/0               0/0        ( 0.0%) 
disp_lmsamples           0/0               0/0        ( 0.0%) 
faces                  133/65536        7448/3670016  ( 0.2%) 
hdr faces                0/65536           0/3670016  ( 0.0%) 
origfaces               65/65536        3640/3670016  ( 0.1%) 
leaves                  99/65536        3168/2097152  ( 0.2%) 
leaffaces              159/65536         318/131072   ( 0.2%) 
leafbrushes            110/65536         220/131072   ( 0.2%) 
areas                    2/256            16/2048     ( 0.8%) 
surfedges              888/512000       3552/2048000  ( 0.2%) 
edges                  513/256000       2052/1024000  ( 0.2%) 
LDR worldlights          2/8192          176/720896   ( 0.0%) 
HDR worldlights          0/8192            0/720896   ( 0.0%) 
leafwaterdata            0/32768           0/393216   ( 0.0%) 
waterstrips             17/32768         170/327680   ( 0.1%) 
waterverts               0/65536           0/786432   ( 0.0%) 
waterindices           234/65536         468/131072   ( 0.4%) 
cubemapsamples           0/1024            0/16384    ( 0.0%) 
overlays                 0/512             0/180224   ( 0.0%) 
LDR lightdata         [variable]      115736/0        ( 0.0%) 
HDR lightdata         [variable]           0/0        ( 0.0%) 
visdata               [variable]         671/16777216 ( 0.0%) 
entdata               [variable]        1856/393216   ( 0.5%) 
LDR ambient table       99/65536         396/262144   ( 0.2%) 
HDR ambient table       99/65536         396/262144   ( 0.2%) 
LDR leaf ambient       437/65536       12236/1835008  ( 0.7%) 
HDR leaf ambient        99/65536        2772/1835008  ( 0.2%) 
occluders                0/0               0/0        ( 0.0%) 
occluder polygons        0/0               0/0        ( 0.0%) 
occluder vert ind        0/0               0/0        ( 0.0%) 
detail props          [variable]           1/12       ( 8.3%) 
static props          [variable]           1/538      ( 0.2%) 
pakfile               [variable]      105663/0        ( 0.0%) 
physics               [variable]       12021/4194304  ( 0.3%) 
physics terrain       [variable]           2/1048576  ( 0.0%) 

Level flags = 0

Total triangle count: 362
Writing c:\users\stoin\desktop\backroomsproject\bubbleclient\mapsrc\ch_01_02.bsp
1 second elapsed



materialPath: C:\Users\stoin\Desktop\BackroomsProject\BubbleClient\materials
Loading C:\Users\stoin\Desktop\BackroomsProject\BubbleClient\mapsrc\ch_01_02.vmf
Could not locate 'GameData' key in c:\users\stoin\desktop\backroomsproject\bubbleclient\gameinfo.txt
fixing up env_cubemap materials on brush sides...
0...1...2...3...4...5...6...7...8...9...100...1...2...3...4...5...6...7...8...9...10Processing areas...done (0)
Building Faces...done (0)
FixTjuncs...
PruneNodes...
WriteBSP...
done (0)
writing C:\Users\stoin\Desktop\BackroomsProject\BubbleClient\mapsrc\ch_01_02.prt...Building visibility clusters...
done (0)
Creating default LDR cubemaps for env_cubemap using skybox materials:
   skybox/sky_day01_09*.vmt
 ! Run buildcubemaps in the engine to get the correct cube maps.
Creating default HDR cubemaps for env_cubemap using skybox materials:
   skybox/sky_day01_09*.vmt
 ! Run buildcubemaps in the engine to get the correct cube maps.
Finding displacement neighbors...
Finding lightmap sample positions...
Displacement Alpha : 0...1...2...3...4...5...6...7...8...9...10
Building Physics collision data...
done (0) (12579 bytes)
Error! prop_static using model "models/props_c17/signpole001.mdl", which must be used on a dynamic entity (i.e. prop_physics). Deleted.
Error loading studio model "models/props_c17/signpole001.mdl"!
Error! prop_static using model "models/props_c17/streetsign001c.mdl", which must be used on a dynamic entity (i.e. prop_physics). Deleted.
Error loading studio model "models/props_c17/streetsign001c.mdl"!
Placing detail props : 0...1...2...3...4...5...6...7...8...9...10
Compacting texture/material tables...
Reduced 23 texinfos to 14
Reduced 6 texdatas to 6 (134 bytes to 134)
Writing C:\Users\stoin\Desktop\BackroomsProject\BubbleClient\mapsrc\ch_01_02.bsp
0 seconds elapsed



6 threads
reading c:\users\stoin\desktop\backroomsproject\bubbleclient\mapsrc\ch_01_02.bsp
reading c:\users\stoin\desktop\backroomsproject\bubbleclient\mapsrc\ch_01_02.prt
  37 portalclusters
  77 numportals
0...1...2...3...4...5...6...7...8...9...100...1...2...3...4...5...6...7...8...9...10Optimized: 1 visible clusters (0.08%)
Total clusters visible: 1196
Average clusters visible: 32
Building PAS...
Average clusters audible: 37
visdatasize:671  compressed from 592
writing c:\users\stoin\desktop\backroomsproject\bubbleclient\mapsrc\ch_01_02.bsp
0 seconds elapsed



Could not find lights.rad in lights.rad.
Trying VRAD BIN directory instead...
Warning: Couldn't open texlight file C:\Users\stoin\Desktop\BackroomsProject\bin\lights.rad.
Loading c:\users\stoin\desktop\backroomsproject\bubbleclient\mapsrc\ch_01_02.bsp
139 faces
249315 square feet [35901472.00 square inches]
0 Displacements
0 Square Feet [0.00 Square Inches]
139 patches before subdivision
5779 patches after subdivision
2 direct lights
0...1...2...3...4...5...6...7...8...9...100...1...2...3...4...5...6...7...8...9...10transfers 247749, max 202
transfer lists:   1.9 megs
0...1...2...3...4...5...6...7...8...9...10	Bounce #1 added RGB(3570, 2783, 1373)
0...1...2...3...4...5...6...7...8...9...10	Bounce #2 added RGB(1114, 344, 3)
0...1...2...3...4...5...6...7...8...9...10	Bounce #3 added RGB(382, 48, 0)
0...1...2...3...4...5...6...7...8...9...10	Bounce #4 added RGB(142, 7, 0)
0...1...2...3...4...5...6...7...8...9...10	Bounce #5 added RGB(57, 1, 0)
0...1...2...3...4...5...6...7...8...9...10	Bounce #6 added RGB(24, 0, 0)
0...1...2...3...4...5...6...7...8...9...10	Bounce #7 added RGB(11, 0, 0)
0...1...2...3...4...5...6...7...8...9...10	Bounce #8 added RGB(5, 0, 0)
0...1...2...3...4...5...6...7...8...9...10	Bounce #9 added RGB(3, 0, 0)
0...1...2...3...4...5...6...7...8...9...10	Bounce #10 added RGB(1, 0, 0)
0...1...2...3...4...5...6...7...8...9...10	Bounce #11 added RGB(1, 0, 0)
Build Patch/Sample Hash Table(s).....Done<0.0012 sec>
0...1...2...3...4...5...6...7...8...9...10FinalLightFace Done
0 of 0 (0% of) surface lights went in leaf ambient cubes.
0...1...2...3...4...5...6...7...8...9...10Writing leaf ambient...done
Ready to Finish

Object names       Objects/Maxobjs  Memory / Maxmem  Fullness 
------------       ---------------  ---------------  -------- 
models                   2/1024           96/49152    ( 0.2%) 
brushes                 34/8192          408/98304    ( 0.4%) 
brushsides             204/65536        1632/524288   ( 0.3%) 
planes                 136/65536        2720/1310720  ( 0.2%) 
vertexes               256/65536        3072/786432   ( 0.4%) 
nodes                  103/65536        3296/2097152  ( 0.2%) 
texinfos                14/12288        1008/884736   ( 0.1%) 
texdata                  6/2048          192/65536    ( 0.3%) 
dispinfos                0/0               0/0        ( 0.0%) 
disp_verts               0/0               0/0        ( 0.0%) 
disp_tris                0/0               0/0        ( 0.0%) 
disp_lmsamples           0/0               0/0        ( 0.0%) 
faces                  139/65536        7784/3670016  ( 0.2%) 
hdr faces                0/65536           0/3670016  ( 0.0%) 
origfaces               71/65536        3976/3670016  ( 0.1%) 
leaves                 106/65536        3392/2097152  ( 0.2%) 
leaffaces              165/65536         330/131072   ( 0.3%) 
leafbrushes            111/65536         222/131072   ( 0.2%) 
areas                    2/256            16/2048     ( 0.8%) 
surfedges              936/512000       3744/2048000  ( 0.2%) 
edges                  537/256000       2148/1024000  ( 0.2%) 
LDR worldlights          2/8192          176/720896   ( 0.0%) 
HDR worldlights          0/8192            0/720896   ( 0.0%) 
leafwaterdata            0/32768           0/393216   ( 0.0%) 
waterstrips             17/32768         170/327680   ( 0.1%) 
waterverts               0/65536           0/786432   ( 0.0%) 
waterindices           234/65536         468/131072   ( 0.4%) 
cubemapsamples           0/1024            0/16384    ( 0.0%) 
overlays                 0/512             0/180224   ( 0.0%) 
LDR lightdata         [variable]      115736/0        ( 0.0%) 
HDR lightdata         [variable]           0/0        ( 0.0%) 
visdata               [variable]         671/16777216 ( 0.0%) 
entdata               [variable]        3101/393216   ( 0.8%) 
LDR ambient table      106/65536         424/262144   ( 0.2%) 
HDR ambient table      106/65536         424/262144   ( 0.2%) 
LDR leaf ambient       463/65536       12964/1835008  ( 0.7%) 
HDR leaf ambient       106/65536        2968/1835008  ( 0.2%) 
occluders                0/0               0/0        ( 0.0%) 
occluder polygons        0/0               0/0        ( 0.0%) 
occluder vert ind        0/0               0/0        ( 0.0%) 
detail props          [variable]           1/12       ( 8.3%) 
static props          [variable]           1/538      ( 0.2%) 
pakfile               [variable]      105663/0        ( 0.0%) 
physics               [variable]       12579/4194304  ( 0.3%) 
physics terrain       [variable]           2/1048576  ( 0.0%) 

Level flags = 0

Total triangle count: 374
Writing c:\users\stoin\desktop\backroomsproject\bubbleclient\mapsrc\ch_01_02.bsp
1 second elapsed



materialPath: C:\Users\stoin\Desktop\BackroomsProject\BubbleClient\materials
Loading C:\Users\stoin\Desktop\BackroomsProject\BubbleClient\mapsrc\ch_01_02.vmf
Could not locate 'GameData' key in c:\users\stoin\desktop\backroomsproject\bubbleclient\gameinfo.txt
fixing up env_cubemap materials on brush sides...
0...1...2...3...4...5...6...7...8...9...100...1...2...3...4...5...6...7...8...9...10Processing areas...done (0)
Building Faces...done (0)
FixTjuncs...
PruneNodes...
WriteBSP...
done (0)
writing C:\Users\stoin\Desktop\BackroomsProject\BubbleClient\mapsrc\ch_01_02.prt...Building visibility clusters...
done (0)
Creating default LDR cubemaps for env_cubemap using skybox materials:
   skybox/sky_day01_09*.vmt
 ! Run buildcubemaps in the engine to get the correct cube maps.
Creating default HDR cubemaps for env_cubemap using skybox materials:
   skybox/sky_day01_09*.vmt
 ! Run buildcubemaps in the engine to get the correct cube maps.
Finding displacement neighbors...
Finding lightmap sample positions...
Displacement Alpha : 0...1...2...3...4...5...6...7...8...9...10
Building Physics collision data...
done (0) (12579 bytes)
Error! prop_static using model "models/props_c17/signpole001.mdl", which must be used on a dynamic entity (i.e. prop_physics). Deleted.
Error loading studio model "models/props_c17/signpole001.mdl"!
Error! prop_static using model "models/props_c17/streetsign001c.mdl", which must be used on a dynamic entity (i.e. prop_physics). Deleted.
Error loading studio model "models/props_c17/streetsign001c.mdl"!
Placing detail props : 0...1...2...3...4...5...6...7...8...9...10
Compacting texture/material tables...
Reduced 23 texinfos to 14
Reduced 6 texdatas to 6 (134 bytes to 134)
Writing C:\Users\stoin\Desktop\BackroomsProject\BubbleClient\mapsrc\ch_01_02.bsp
0 seconds elapsed



6 threads
reading c:\users\stoin\desktop\backroomsproject\bubbleclient\mapsrc\ch_01_02.bsp
reading c:\users\stoin\desktop\backroomsproject\bubbleclient\mapsrc\ch_01_02.prt
  37 portalclusters
  77 numportals
0...1...2...3...4...5...6...7...8...9...100...1...2...3...4...5...6...7...8...9...10Optimized: 1 visible clusters (0.08%)
Total clusters visible: 1196
Average clusters visible: 32
Building PAS...
Average clusters audible: 37
visdatasize:671  compressed from 592
writing c:\users\stoin\desktop\backroomsproject\bubbleclient\mapsrc\ch_01_02.bsp
0 seconds elapsed



Could not find lights.rad in lights.rad.
Trying VRAD BIN directory instead...
Warning: Couldn't open texlight file C:\Users\stoin\Desktop\BackroomsProject\bin\lights.rad.
Loading c:\users\stoin\desktop\backroomsproject\bubbleclient\mapsrc\ch_01_02.bsp
139 faces
249315 square feet [35901472.00 square inches]
0 Displacements
0 Square Feet [0.00 Square Inches]
139 patches before subdivision
5779 patches after subdivision
2 direct lights
0...1...2...3...4...5...6...7...8...9...100...1...2...3...4...5...6...7...8...9...10transfers 247749, max 202
transfer lists:   1.9 megs
0...1...2...3...4...5...6...7...8...9...10	Bounce #1 added RGB(3570, 2783, 1373)
0...1...2...3...4...5...6...7...8...9...10	Bounce #2 added RGB(1114, 344, 3)
0...1...2...3...4...5...6...7...8...9...10	Bounce #3 added RGB(382, 48, 0)
0...1...2...3...4...5...6...7...8...9...10	Bounce #4 added RGB(142, 7, 0)
0...1...2...3...4...5...6...7...8...9...10	Bounce #5 added RGB(57, 1, 0)
0...1...2...3...4...5...6...7...8...9...10	Bounce #6 added RGB(24, 0, 0)
0...1...2...3...4...5...6...7...8...9...10	Bounce #7 added RGB(11, 0, 0)
0...1...2...3...4...5...6...7...8...9...10	Bounce #8 added RGB(5, 0, 0)
0...1...2...3...4...5...6...7...8...9...10	Bounce #9 added RGB(3, 0, 0)
0...1...2...3...4...5...6...7...8...9...10	Bounce #10 added RGB(1, 0, 0)
0...1...2...3...4...5...6...7...8...9...10	Bounce #11 added RGB(1, 0, 0)
Build Patch/Sample Hash Table(s).....Done<0.0011 sec>
0...1...2...3...4...5...6...7...8...9...10FinalLightFace Done
0 of 0 (0% of) surface lights went in leaf ambient cubes.
0...1...2...3...4...5...6...7...8...9...10Writing leaf ambient...done
Ready to Finish

Object names       Objects/Maxobjs  Memory / Maxmem  Fullness 
------------       ---------------  ---------------  -------- 
models                   2/1024           96/49152    ( 0.2%) 
brushes                 34/8192          408/98304    ( 0.4%) 
brushsides             204/65536        1632/524288   ( 0.3%) 
planes                 136/65536        2720/1310720  ( 0.2%) 
vertexes               256/65536        3072/786432   ( 0.4%) 
nodes                  103/65536        3296/2097152  ( 0.2%) 
texinfos                14/12288        1008/884736   ( 0.1%) 
texdata                  6/2048          192/65536    ( 0.3%) 
dispinfos                0/0               0/0        ( 0.0%) 
disp_verts               0/0               0/0        ( 0.0%) 
disp_tris                0/0               0/0        ( 0.0%) 
disp_lmsamples           0/0               0/0        ( 0.0%) 
faces                  139/65536        7784/3670016  ( 0.2%) 
hdr faces                0/65536           0/3670016  ( 0.0%) 
origfaces               71/65536        3976/3670016  ( 0.1%) 
leaves                 106/65536        3392/2097152  ( 0.2%) 
leaffaces              165/65536         330/131072   ( 0.3%) 
leafbrushes            111/65536         222/131072   ( 0.2%) 
areas                    2/256            16/2048     ( 0.8%) 
surfedges              936/512000       3744/2048000  ( 0.2%) 
edges                  537/256000       2148/1024000  ( 0.2%) 
LDR worldlights          2/8192          176/720896   ( 0.0%) 
HDR worldlights          0/8192            0/720896   ( 0.0%) 
leafwaterdata            0/32768           0/393216   ( 0.0%) 
waterstrips             17/32768         170/327680   ( 0.1%) 
waterverts               0/65536           0/786432   ( 0.0%) 
waterindices           234/65536         468/131072   ( 0.4%) 
cubemapsamples           0/1024            0/16384    ( 0.0%) 
overlays                 0/512             0/180224   ( 0.0%) 
LDR lightdata         [variable]      115736/0        ( 0.0%) 
HDR lightdata         [variable]           0/0        ( 0.0%) 
visdata               [variable]         671/16777216 ( 0.0%) 
entdata               [variable]        2727/393216   ( 0.7%) 
LDR ambient table      106/65536         424/262144   ( 0.2%) 
HDR ambient table      106/65536         424/262144   ( 0.2%) 
LDR leaf ambient       463/65536       12964/1835008  ( 0.7%) 
HDR leaf ambient       106/65536        2968/1835008  ( 0.2%) 
occluders                0/0               0/0        ( 0.0%) 
occluder polygons        0/0               0/0        ( 0.0%) 
occluder vert ind        0/0               0/0        ( 0.0%) 
detail props          [variable]           1/12       ( 8.3%) 
static props          [variable]           1/538      ( 0.2%) 
pakfile               [variable]      105663/0        ( 0.0%) 
physics               [variable]       12579/4194304  ( 0.3%) 
physics terrain       [variable]           2/1048576  ( 0.0%) 

Level flags = 0

Total triangle count: 374
Writing c:\users\stoin\desktop\backroomsproject\bubbleclient\mapsrc\ch_01_02.bsp
1 second elapsed



materialPath: C:\Users\stoin\Desktop\BackroomsProject\BubbleClient\materials
Loading C:\Users\stoin\Desktop\BackroomsProject\BubbleClient\mapsrc\ch_01_02.vmf
Could not locate 'GameData' key in c:\users\stoin\desktop\backroomsproject\bubbleclient\gameinfo.txt
fixing up env_cubemap materials on brush sides...
0...1...2...3...4...5...6...7...8...9...100...1...2...3...4...5...6...7...8...9...10Processing areas...done (0)
Building Faces...done (0)
FixTjuncs...
PruneNodes...
WriteBSP...
done (0)
writing C:\Users\stoin\Desktop\BackroomsProject\BubbleClient\mapsrc\ch_01_02.prt...Building visibility clusters...
done (0)
Creating default LDR cubemaps for env_cubemap using skybox materials:
   skybox/sky_day01_09*.vmt
 ! Run buildcubemaps in the engine to get the correct cube maps.
Creating default HDR cubemaps for env_cubemap using skybox materials:
   skybox/sky_day01_09*.vmt
 ! Run buildcubemaps in the engine to get the correct cube maps.
Finding displacement neighbors...
Finding lightmap sample positions...
Displacement Alpha : 0...1...2...3...4...5...6...7...8...9...10
Building Physics collision data...
done (0) (12579 bytes)
Error! prop_static using model "models/props_c17/signpole001.mdl", which must be used on a dynamic entity (i.e. prop_physics). Deleted.
Error loading studio model "models/props_c17/signpole001.mdl"!
Error! prop_static using model "models/props_c17/streetsign001c.mdl", which must be used on a dynamic entity (i.e. prop_physics). Deleted.
Error loading studio model "models/props_c17/streetsign001c.mdl"!
Placing detail props : 0...1...2...3...4...5...6...7...8...9...10
Compacting texture/material tables...
Reduced 23 texinfos to 14
Reduced 6 texdatas to 6 (134 bytes to 134)
Writing C:\Users\stoin\Desktop\BackroomsProject\BubbleClient\mapsrc\ch_01_02.bsp
0 seconds elapsed



6 threads
reading c:\users\stoin\desktop\backroomsproject\bubbleclient\mapsrc\ch_01_02.bsp
reading c:\users\stoin\desktop\backroomsproject\bubbleclient\mapsrc\ch_01_02.prt
  37 portalclusters
  77 numportals
0...1...2...3...4...5...6...7...8...9...100...1...2...3...4...5...6...7...8...9...10Optimized: 1 visible clusters (0.08%)
Total clusters visible: 1196
Average clusters visible: 32
Building PAS...
Average clusters audible: 37
visdatasize:671  compressed from 592
writing c:\users\stoin\desktop\backroomsproject\bubbleclient\mapsrc\ch_01_02.bsp
0 seconds elapsed



Could not find lights.rad in lights.rad.
Trying VRAD BIN directory instead...
Warning: Couldn't open texlight file C:\Users\stoin\Desktop\BackroomsProject\bin\lights.rad.
Loading c:\users\stoin\desktop\backroomsproject\bubbleclient\mapsrc\ch_01_02.bsp
139 faces
249315 square feet [35901472.00 square inches]
0 Displacements
0 Square Feet [0.00 Square Inches]
139 patches before subdivision
5779 patches after subdivision
2 direct lights
0...1...2...3...4...5...6...7...8...9...100...1...2...3...4...5...6...7...8...9...10transfers 247749, max 202
transfer lists:   1.9 megs
0...1...2...3...4...5...6...7...8...9...10	Bounce #1 added RGB(3570, 2783, 1373)
0...1...2...3...4...5...6...7...8...9...10	Bounce #2 added RGB(1114, 344, 3)
0...1...2...3...4...5...6...7...8...9...10	Bounce #3 added RGB(382, 48, 0)
0...1...2...3...4...5...6...7...8...9...10	Bounce #4 added RGB(142, 7, 0)
0...1...2...3...4...5...6...7...8...9...10	Bounce #5 added RGB(57, 1, 0)
0...1...2...3...4...5...6...7...8...9...10	Bounce #6 added RGB(24, 0, 0)
0...1...2...3...4...5...6...7...8...9...10	Bounce #7 added RGB(11, 0, 0)
0...1...2...3...4...5...6...7...8...9...10	Bounce #8 added RGB(5, 0, 0)
0...1...2...3...4...5...6...7...8...9...10	Bounce #9 added RGB(3, 0, 0)
0...1...2...3...4...5...6...7...8...9...10	Bounce #10 added RGB(1, 0, 0)
0...1...2...3...4...5...6...7...8...9...10	Bounce #11 added RGB(1, 0, 0)
Build Patch/Sample Hash Table(s).....Done<0.0026 sec>
0...1...2...3...4...5...6...7...8...9...10FinalLightFace Done
0 of 0 (0% of) surface lights went in leaf ambient cubes.
0...1...2...3...4...5...6...7...8...9...10Writing leaf ambient...done
Ready to Finish

Object names       Objects/Maxobjs  Memory / Maxmem  Fullness 
------------       ---------------  ---------------  -------- 
models                   2/1024           96/49152    ( 0.2%) 
brushes                 34/8192          408/98304    ( 0.4%) 
brushsides             204/65536        1632/524288   ( 0.3%) 
planes                 136/65536        2720/1310720  ( 0.2%) 
vertexes               256/65536        3072/786432   ( 0.4%) 
nodes                  103/65536        3296/2097152  ( 0.2%) 
texinfos                14/12288        1008/884736   ( 0.1%) 
texdata                  6/2048          192/65536    ( 0.3%) 
dispinfos                0/0               0/0        ( 0.0%) 
disp_verts               0/0               0/0        ( 0.0%) 
disp_tris                0/0               0/0        ( 0.0%) 
disp_lmsamples           0/0               0/0        ( 0.0%) 
faces                  139/65536        7784/3670016  ( 0.2%) 
hdr faces                0/65536           0/3670016  ( 0.0%) 
origfaces               71/65536        3976/3670016  ( 0.1%) 
leaves                 106/65536        3392/2097152  ( 0.2%) 
leaffaces              165/65536         330/131072   ( 0.3%) 
leafbrushes            111/65536         222/131072   ( 0.2%) 
areas                    2/256            16/2048     ( 0.8%) 
surfedges              936/512000       3744/2048000  ( 0.2%) 
edges                  537/256000       2148/1024000  ( 0.2%) 
LDR worldlights          2/8192          176/720896   ( 0.0%) 
HDR worldlights          0/8192            0/720896   ( 0.0%) 
leafwaterdata            0/32768           0/393216   ( 0.0%) 
waterstrips             17/32768         170/327680   ( 0.1%) 
waterverts               0/65536           0/786432   ( 0.0%) 
waterindices           234/65536         468/131072   ( 0.4%) 
cubemapsamples           0/1024            0/16384    ( 0.0%) 
overlays                 0/512             0/180224   ( 0.0%) 
LDR lightdata         [variable]      115736/0        ( 0.0%) 
HDR lightdata         [variable]           0/0        ( 0.0%) 
visdata               [variable]         671/16777216 ( 0.0%) 
entdata               [variable]        2726/393216   ( 0.7%) 
LDR ambient table      106/65536         424/262144   ( 0.2%) 
HDR ambient table      106/65536         424/262144   ( 0.2%) 
LDR leaf ambient       463/65536       12964/1835008  ( 0.7%) 
HDR leaf ambient       106/65536        2968/1835008  ( 0.2%) 
occluders                0/0               0/0        ( 0.0%) 
occluder polygons        0/0               0/0        ( 0.0%) 
occluder vert ind        0/0               0/0        ( 0.0%) 
detail props          [variable]           1/12       ( 8.3%) 
static props          [variable]           1/538      ( 0.2%) 
pakfile               [variable]      105663/0        ( 0.0%) 
physics               [variable]       12579/4194304  ( 0.3%) 
physics terrain       [variable]           2/1048576  ( 0.0%) 

Level flags = 0

Total triangle count: 374
Writing c:\users\stoin\desktop\backroomsproject\bubbleclient\mapsrc\ch_01_02.bsp
1 second elapsed
